{"/Users/kushalshah/Documents/461L/backend/src/index.ts":{"path":"/Users/kushalshah/Documents/461L/backend/src/index.ts","statementMap":{"0":{"start":{"line":1,"column":22},"end":{"line":7,"column":3}},"1":{"start":{"line":2,"column":4},"end":{"line":2,"column":33}},"2":{"start":{"line":2,"column":26},"end":{"line":2,"column":33}},"3":{"start":{"line":3,"column":4},"end":{"line":3,"column":89}},"4":{"start":{"line":3,"column":71},"end":{"line":3,"column":83}},"5":{"start":{"line":5,"column":4},"end":{"line":5,"column":33}},"6":{"start":{"line":5,"column":26},"end":{"line":5,"column":33}},"7":{"start":{"line":6,"column":4},"end":{"line":6,"column":17}},"8":{"start":{"line":8,"column":25},"end":{"line":12,"column":2}},"9":{"start":{"line":9,"column":4},"end":{"line":9,"column":72}},"10":{"start":{"line":11,"column":4},"end":{"line":11,"column":21}},"11":{"start":{"line":13,"column":19},"end":{"line":19,"column":1}},"12":{"start":{"line":14,"column":4},"end":{"line":14,"column":42}},"13":{"start":{"line":14,"column":31},"end":{"line":14,"column":42}},"14":{"start":{"line":15,"column":17},"end":{"line":15,"column":19}},"15":{"start":{"line":16,"column":4},"end":{"line":16,"column":141}},"16":{"start":{"line":16,"column":21},"end":{"line":16,"column":141}},"17":{"start":{"line":16,"column":40},"end":{"line":16,"column":141}},"18":{"start":{"line":16,"column":109},"end":{"line":16,"column":141}},"19":{"start":{"line":17,"column":4},"end":{"line":17,"column":36}},"20":{"start":{"line":18,"column":4},"end":{"line":18,"column":18}},"21":{"start":{"line":20,"column":22},"end":{"line":22,"column":1}},"22":{"start":{"line":21,"column":4},"end":{"line":21,"column":62}},"23":{"start":{"line":23,"column":0},"end":{"line":23,"column":62}},"24":{"start":{"line":24,"column":0},"end":{"line":24,"column":39}},"25":{"start":{"line":25,"column":18},"end":{"line":25,"column":53}},"26":{"start":{"line":26,"column":19},"end":{"line":26,"column":55}},"27":{"start":{"line":27,"column":18},"end":{"line":27,"column":61}},"28":{"start":{"line":28,"column":20},"end":{"line":28,"column":66}},"29":{"start":{"line":29,"column":17},"end":{"line":29,"column":43}},"30":{"start":{"line":30,"column":12},"end":{"line":30,"column":36}},"31":{"start":{"line":31,"column":26},"end":{"line":37,"column":1}},"32":{"start":{"line":32,"column":4},"end":{"line":32,"column":85}},"33":{"start":{"line":33,"column":4},"end":{"line":33,"column":53}},"34":{"start":{"line":34,"column":4},"end":{"line":34,"column":70}},"35":{"start":{"line":35,"column":4},"end":{"line":35,"column":86}},"36":{"start":{"line":36,"column":4},"end":{"line":36,"column":11}},"37":{"start":{"line":38,"column":20},"end":{"line":45,"column":1}},"38":{"start":{"line":39,"column":4},"end":{"line":44,"column":5}},"39":{"start":{"line":40,"column":8},"end":{"line":43,"column":46}},"40":{"start":{"line":42,"column":24},"end":{"line":42,"column":63}},"41":{"start":{"line":43,"column":28},"end":{"line":43,"column":44}},"42":{"start":{"line":46,"column":13},"end":{"line":65,"column":1}},"43":{"start":{"line":48,"column":4},"end":{"line":48,"column":62}},"44":{"start":{"line":49,"column":4},"end":{"line":49,"column":62}},"45":{"start":{"line":50,"column":4},"end":{"line":50,"column":31}},"46":{"start":{"line":51,"column":4},"end":{"line":51,"column":38}},"47":{"start":{"line":52,"column":4},"end":{"line":58,"column":5}},"48":{"start":{"line":53,"column":32},"end":{"line":53,"column":65}},"49":{"start":{"line":54,"column":8},"end":{"line":54,"column":76}},"50":{"start":{"line":57,"column":8},"end":{"line":57,"column":58}},"51":{"start":{"line":59,"column":4},"end":{"line":59,"column":46}},"52":{"start":{"line":60,"column":17},"end":{"line":60,"column":41}},"53":{"start":{"line":61,"column":4},"end":{"line":64,"column":7}},"54":{"start":{"line":62,"column":8},"end":{"line":62,"column":91}},"55":{"start":{"line":63,"column":8},"end":{"line":63,"column":75}},"56":{"start":{"line":66,"column":0},"end":{"line":66,"column":40}},"57":{"start":{"line":66,"column":22},"end":{"line":66,"column":38}},"58":{"start":{"line":67,"column":0},"end":{"line":67,"column":22}},"59":{"start":{"line":70,"column":4},"end":{"line":70,"column":29}},"60":{"start":{"line":72,"column":0},"end":{"line":72,"column":54}}},"fnMap":{"0":{"name":"(anonymous_0)","decl":{"start":{"line":1,"column":74},"end":{"line":1,"column":75}},"loc":{"start":{"line":1,"column":96},"end":{"line":4,"column":1}},"line":1},"1":{"name":"(anonymous_1)","decl":{"start":{"line":3,"column":58},"end":{"line":3,"column":59}},"loc":{"start":{"line":3,"column":69},"end":{"line":3,"column":85}},"line":3},"2":{"name":"(anonymous_2)","decl":{"start":{"line":4,"column":6},"end":{"line":4,"column":7}},"loc":{"start":{"line":4,"column":28},"end":{"line":7,"column":1}},"line":4},"3":{"name":"(anonymous_3)","decl":{"start":{"line":8,"column":80},"end":{"line":8,"column":81}},"loc":{"start":{"line":8,"column":95},"end":{"line":10,"column":1}},"line":8},"4":{"name":"(anonymous_4)","decl":{"start":{"line":10,"column":5},"end":{"line":10,"column":6}},"loc":{"start":{"line":10,"column":20},"end":{"line":12,"column":1}},"line":10},"5":{"name":"(anonymous_5)","decl":{"start":{"line":13,"column":50},"end":{"line":13,"column":51}},"loc":{"start":{"line":13,"column":65},"end":{"line":19,"column":1}},"line":13},"6":{"name":"(anonymous_6)","decl":{"start":{"line":20,"column":56},"end":{"line":20,"column":57}},"loc":{"start":{"line":20,"column":71},"end":{"line":22,"column":1}},"line":20},"7":{"name":"(anonymous_7)","decl":{"start":{"line":31,"column":26},"end":{"line":31,"column":27}},"loc":{"start":{"line":31,"column":46},"end":{"line":37,"column":1}},"line":31},"8":{"name":"(anonymous_8)","decl":{"start":{"line":38,"column":20},"end":{"line":38,"column":21}},"loc":{"start":{"line":38,"column":35},"end":{"line":45,"column":1}},"line":38},"9":{"name":"(anonymous_9)","decl":{"start":{"line":42,"column":18},"end":{"line":42,"column":19}},"loc":{"start":{"line":42,"column":24},"end":{"line":42,"column":63}},"line":42},"10":{"name":"(anonymous_10)","decl":{"start":{"line":43,"column":19},"end":{"line":43,"column":20}},"loc":{"start":{"line":43,"column":28},"end":{"line":43,"column":44}},"line":43},"11":{"name":"(anonymous_11)","decl":{"start":{"line":46,"column":13},"end":{"line":46,"column":14}},"loc":{"start":{"line":46,"column":25},"end":{"line":65,"column":1}},"line":46},"12":{"name":"(anonymous_12)","decl":{"start":{"line":61,"column":21},"end":{"line":61,"column":22}},"loc":{"start":{"line":61,"column":27},"end":{"line":64,"column":5}},"line":61},"13":{"name":"(anonymous_13)","decl":{"start":{"line":66,"column":13},"end":{"line":66,"column":14}},"loc":{"start":{"line":66,"column":22},"end":{"line":66,"column":38}},"line":66},"14":{"name":"expressAuthentication","decl":{"start":{"line":69,"column":9},"end":{"line":69,"column":30}},"loc":{"start":{"line":69,"column":62},"end":{"line":71,"column":1}},"line":69}},"branchMap":{"0":{"loc":{"start":{"line":1,"column":22},"end":{"line":7,"column":3}},"type":"binary-expr","locations":[{"start":{"line":1,"column":23},"end":{"line":1,"column":27}},{"start":{"line":1,"column":31},"end":{"line":1,"column":51}},{"start":{"line":1,"column":57},"end":{"line":7,"column":2}}],"line":1},"1":{"loc":{"start":{"line":1,"column":57},"end":{"line":7,"column":2}},"type":"cond-expr","locations":[{"start":{"line":1,"column":74},"end":{"line":4,"column":1}},{"start":{"line":4,"column":6},"end":{"line":7,"column":1}}],"line":1},"2":{"loc":{"start":{"line":2,"column":4},"end":{"line":2,"column":33}},"type":"if","locations":[{"start":{"line":2,"column":4},"end":{"line":2,"column":33}},{"start":{"line":2,"column":4},"end":{"line":2,"column":33}}],"line":2},"3":{"loc":{"start":{"line":5,"column":4},"end":{"line":5,"column":33}},"type":"if","locations":[{"start":{"line":5,"column":4},"end":{"line":5,"column":33}},{"start":{"line":5,"column":4},"end":{"line":5,"column":33}}],"line":5},"4":{"loc":{"start":{"line":8,"column":25},"end":{"line":12,"column":2}},"type":"binary-expr","locations":[{"start":{"line":8,"column":26},"end":{"line":8,"column":30}},{"start":{"line":8,"column":34},"end":{"line":8,"column":57}},{"start":{"line":8,"column":63},"end":{"line":12,"column":1}}],"line":8},"5":{"loc":{"start":{"line":8,"column":63},"end":{"line":12,"column":1}},"type":"cond-expr","locations":[{"start":{"line":8,"column":80},"end":{"line":10,"column":1}},{"start":{"line":10,"column":5},"end":{"line":12,"column":1}}],"line":8},"6":{"loc":{"start":{"line":13,"column":19},"end":{"line":19,"column":1}},"type":"binary-expr","locations":[{"start":{"line":13,"column":20},"end":{"line":13,"column":24}},{"start":{"line":13,"column":28},"end":{"line":13,"column":45}},{"start":{"line":13,"column":50},"end":{"line":19,"column":1}}],"line":13},"7":{"loc":{"start":{"line":14,"column":4},"end":{"line":14,"column":42}},"type":"if","locations":[{"start":{"line":14,"column":4},"end":{"line":14,"column":42}},{"start":{"line":14,"column":4},"end":{"line":14,"column":42}}],"line":14},"8":{"loc":{"start":{"line":14,"column":8},"end":{"line":14,"column":29}},"type":"binary-expr","locations":[{"start":{"line":14,"column":8},"end":{"line":14,"column":11}},{"start":{"line":14,"column":15},"end":{"line":14,"column":29}}],"line":14},"9":{"loc":{"start":{"line":16,"column":4},"end":{"line":16,"column":141}},"type":"if","locations":[{"start":{"line":16,"column":4},"end":{"line":16,"column":141}},{"start":{"line":16,"column":4},"end":{"line":16,"column":141}}],"line":16},"10":{"loc":{"start":{"line":16,"column":40},"end":{"line":16,"column":141}},"type":"if","locations":[{"start":{"line":16,"column":40},"end":{"line":16,"column":141}},{"start":{"line":16,"column":40},"end":{"line":16,"column":141}}],"line":16},"11":{"loc":{"start":{"line":16,"column":44},"end":{"line":16,"column":107}},"type":"binary-expr","locations":[{"start":{"line":16,"column":44},"end":{"line":16,"column":59}},{"start":{"line":16,"column":63},"end":{"line":16,"column":107}}],"line":16},"12":{"loc":{"start":{"line":20,"column":22},"end":{"line":22,"column":1}},"type":"binary-expr","locations":[{"start":{"line":20,"column":23},"end":{"line":20,"column":27}},{"start":{"line":20,"column":31},"end":{"line":20,"column":51}},{"start":{"line":20,"column":56},"end":{"line":22,"column":1}}],"line":20},"13":{"loc":{"start":{"line":21,"column":11},"end":{"line":21,"column":61}},"type":"cond-expr","locations":[{"start":{"line":21,"column":37},"end":{"line":21,"column":40}},{"start":{"line":21,"column":43},"end":{"line":21,"column":61}}],"line":21},"14":{"loc":{"start":{"line":21,"column":12},"end":{"line":21,"column":33}},"type":"binary-expr","locations":[{"start":{"line":21,"column":12},"end":{"line":21,"column":15}},{"start":{"line":21,"column":19},"end":{"line":21,"column":33}}],"line":21},"15":{"loc":{"start":{"line":39,"column":4},"end":{"line":44,"column":5}},"type":"if","locations":[{"start":{"line":39,"column":4},"end":{"line":44,"column":5}},{"start":{"line":39,"column":4},"end":{"line":44,"column":5}}],"line":39},"16":{"loc":{"start":{"line":39,"column":8},"end":{"line":39,"column":104}},"type":"binary-expr","locations":[{"start":{"line":39,"column":8},"end":{"line":39,"column":54}},{"start":{"line":39,"column":58},"end":{"line":39,"column":104}}],"line":39},"17":{"loc":{"start":{"line":60,"column":17},"end":{"line":60,"column":41}},"type":"binary-expr","locations":[{"start":{"line":60,"column":17},"end":{"line":60,"column":33}},{"start":{"line":60,"column":37},"end":{"line":60,"column":41}}],"line":60}},"s":{"0":1,"1":5,"2":5,"3":5,"4":2,"5":0,"6":0,"7":0,"8":1,"9":1,"10":0,"11":1,"12":1,"13":0,"14":1,"15":1,"16":1,"17":5,"18":5,"19":1,"20":1,"21":1,"22":3,"23":1,"24":1,"25":1,"26":1,"27":1,"28":1,"29":1,"30":1,"31":1,"32":13,"33":13,"34":13,"35":13,"36":13,"37":1,"38":1,"39":1,"40":1,"41":0,"42":1,"43":1,"44":1,"45":1,"46":1,"47":1,"48":1,"49":1,"50":0,"51":1,"52":1,"53":1,"54":1,"55":1,"56":1,"57":0,"58":1,"59":0,"60":1},"f":{"0":5,"1":2,"2":0,"3":1,"4":0,"5":1,"6":3,"7":13,"8":1,"9":1,"10":0,"11":1,"12":1,"13":0,"14":0},"b":{"0":[1,1,1],"1":[1,0],"2":[5,0],"3":[0,0],"4":[1,1,1],"5":[1,0],"6":[1,1,1],"7":[0,1],"8":[1,1],"9":[1,0],"10":[5,0],"11":[5,5],"12":[1,1,1],"13":[1,2],"14":[3,3],"15":[1,0],"16":[1,0],"17":[1,1]},"inputSourceMap":{"version":3,"file":"/Users/kushalshah/Documents/461L/backend/src/index.ts","sources":["/Users/kushalshah/Documents/461L/backend/src/index.ts"],"names":[],"mappings":";;;;;;;;;;;;;;;;;;;;;;;;AAAA,sDAA8B;AAC9B,wDAAgC;AAChC,8DAAgD;AAEhD,mEAA2C;AAC3C,4CAAiD;AAKjD,MAAM,GAAG,GAAG,IAAA,iBAAO,GAAE,CAAC;AAEtB,MAAM,iBAAiB,GAAG,CAAC,GAAY,EAAE,GAAa,EAAE,IAAkB,EAAE,EAAE;IAC7E,OAAO,CAAC,GAAG,CAAC,IAAI,IAAI,EAAE,CAAC,kBAAkB,EAAE,GAAG,IAAI,GAAG,GAAG,CAAC,MAAM,GAAG,GAAG,GAAG,GAAG,CAAC,GAAG,CAAC,CAAC;IACjF,GAAG,CAAC,MAAM,CAAC,6BAA6B,EAAE,CAAC,GAAG,CAAC,CAAC,CAAC;IACjD,GAAG,CAAC,MAAM,CAAC,8BAA8B,EAAE,qBAAqB,CAAC,CAAC;IAClE,GAAG,CAAC,MAAM,CAAC,8BAA8B,EAAE,qCAAqC,CAAC,CAAC;IAClF,IAAI,EAAE,CAAC;AACR,CAAC,CAAC;AACF,MAAM,WAAW,GAAG,KAAK,EAAC,GAAU,EAAC,EAAE;IACtC,IAAG,kBAAQ,CAAC,UAAU,CAAC,UAAU,KAAK,CAAC,IAAI,kBAAQ,CAAC,UAAU,CAAC,UAAU,KAAK,CAAC,EAAC;QAC/E,kBAAQ;aACN,OAAO,CAAC,GAAG,CAAC;aACZ,IAAI,CAAC,GAAG,EAAE,CAAC,OAAO,CAAC,GAAG,CAAC,qBAAqB,GAAG,EAAE,CAAC,CAAC;aACnD,KAAK,CAAC,CAAC,GAAG,EAAE,EAAE,CAAC,OAAO,CAAC,GAAG,CAAC,GAAG,CAAC,CAAC,CAAC;KACnC;AACF,CAAC,CAAA;AACD,MAAM,IAAI,GAAG,KAAK,IAAI,EAAE;IACvB,aAAa;IACb,GAAG,CAAC,GAAG,CAAC,iBAAO,CAAC,IAAI,EAAC,uBAAuB,CAAC,CAAC,CAAC;IAC/C,GAAG,CAAC,GAAG,CAAC,iBAAO,CAAC,UAAU,CAAC,EAAE,QAAQ,EAAE,IAAI,EAAE,CAAC,CAAC,CAAC;IAChD,GAAG,CAAC,GAAG,CAAC,iBAAiB,CAAC,CAAC;IAE3B,IAAA,uBAAc,EAAC,GAAG,CAAC,CAAC;IAEpB,IAAI;QACH,MAAM,eAAe,GAAG,OAAO,CAAC,wBAAwB,CAAC,CAAC;QAC1D,GAAG,CAAC,GAAG,CAAC,OAAO,EAAE,SAAS,CAAC,KAAK,EAAE,SAAS,CAAC,KAAK,CAAC,eAAe,CAAC,CAAC,CAAC;KACpE;IAAC,OAAO,GAAG,EAAE;QACb,OAAO,CAAC,KAAK,CAAC,6BAA6B,EAAE,GAAG,CAAC,CAAC;KAClD;IACD,WAAW,CAAC,mBAAS,CAAC,QAAQ,CAAC,CAAC;IAEhC,MAAM,IAAI,GAAG,OAAO,CAAC,GAAG,CAAC,IAAI,IAAE,IAAI,CAAC;IACpC,GAAG,CAAC,MAAM,CAAC,IAAI,EAAE,GAAG,EAAE;QACrB,OAAO,CAAC,GAAG,CAAC,mBAAS,CAAC,WAAW,GAAG,KAAK,GAAG,mBAAS,CAAC,OAAO,CAAC,CAAC;QAC/D,OAAO,CAAC,GAAG,CAAC,QAAQ,mBAAS,CAAC,WAAW,OAAO,IAAI,GAAG,CAAC,CAAC;IAC1D,CAAC,CAAC,CAAC;AACJ,CAAC,CAAC;AAEF,IAAI,EAAE,CAAC,KAAK,CAAC,CAAC,GAAG,EAAE,EAAE,CAAC,OAAO,CAAC,GAAG,CAAC,GAAG,CAAC,CAAC,CAAC;AAExC,kBAAe,GAAG,CAAC;AAEnB,qCAAqC;AACrC,SAAgB,qBAAqB,CAAC,OAAwB,EAAE,YAAoB,EAAE,MAAiB;IACtG,OAAO,OAAO,CAAC,OAAO,EAAE,CAAC;AAC1B,CAAC;AAFD,sDAEC","sourcesContent":["import express from \"express\";\nimport mongoose from \"mongoose\";\nimport * as swaggerUI from \"swagger-ui-express\";\n\nimport Constants from \"./config/Constants\";\nimport { RegisterRoutes } from \"./routes/routes\";\n\nimport type { Request, Response, NextFunction } from \"express\";\nimport path from \"path\";\n\nconst app = express();\n\nconst preprocessRequest = (req: Request, res: Response, next: NextFunction) => {\n\tconsole.log(new Date().toLocaleTimeString() + \": \" + req.method + \" \" + req.url);\n\tres.append(\"Access-Control-Allow-Origin\", [\"*\"]);\n\tres.append(\"Access-Control-Allow-Methods\", \"GET,PUT,POST,DELETE\");\n\tres.append(\"Access-Control-Allow-Headers\", \"Content-Type, Origin, Authorization\");\n\tnext();\n};\nconst mongoConfig = async(uri:string)=>{\n\tif(mongoose.connection.readyState === 0 || mongoose.connection.readyState === 3){\n\t\tmongoose\n\t\t\t.connect(uri)\n\t\t\t.then(() => console.log(`Mongo Connection: ${uri}`))\n\t\t\t.catch((err) => console.log(err));\n\t}\n}\nconst main = async () => {\n\t// middleware\n\tapp.use(express.json(/* { limit: '10kb' } */));\n\tapp.use(express.urlencoded({ extended: true }));\n\tapp.use(preprocessRequest);\n\n\tRegisterRoutes(app);\n\n\ttry {\n\t\tconst swaggerDocument = require(\"../public/swagger.json\");\n\t\tapp.use(\"/docs\", swaggerUI.serve, swaggerUI.setup(swaggerDocument));\n\t} catch (err) {\n\t\tconsole.error(\"Unable to read swagger.json\", err);\n\t}\n\tmongoConfig(Constants.mongoUrl);\n\n\tconst port = process.env.PORT??3001;\n\tapp.listen(port, () => {\n\t\tconsole.log(Constants.serviceName + \" : \" + Constants.version);\n\t\tconsole.log(`HTTP ${Constants.serviceName} on ${port}!`);\n\t});\n};\n\nmain().catch((err) => console.log(err));\n\nexport default app;\n\n//DO NOT DELETE: NEEDED FOR TSOA AUTH\nexport function expressAuthentication(request: express.Request, securityName: string, scopes?: string[]): Promise<any> {\n\treturn Promise.resolve();\n}\n"]},"_coverageSchema":"1a1c01bbd47fc00a2c39e90264f33305004495a9","hash":"1964cb153a968a9a808fbb05aa5c69a5f5ecb011","contentHash":"728340f15f79cb8ae93236930fc2c3d43a8a344a362014ec3470b73ccecc05ea"},"/Users/kushalshah/Documents/461L/backend/src/config/Constants.ts":{"path":"/Users/kushalshah/Documents/461L/backend/src/config/Constants.ts","statementMap":{"0":{"start":{"line":1,"column":0},"end":{"line":1,"column":62}},"1":{"start":{"line":4,"column":0},"end":{"line":4,"column":28}},"2":{"start":{"line":5,"column":0},"end":{"line":5,"column":35}},"3":{"start":{"line":6,"column":0},"end":{"line":6,"column":28}},"4":{"start":{"line":7,"column":0},"end":{"line":7,"column":82}}},"fnMap":{},"branchMap":{},"s":{"0":1,"1":1,"2":1,"3":1,"4":1},"f":{},"b":{},"inputSourceMap":{"version":3,"file":"/Users/kushalshah/Documents/461L/backend/src/config/Constants.ts","sources":["/Users/kushalshah/Documents/461L/backend/src/config/Constants.ts"],"names":[],"mappings":";AAAA,MAAqB,SAAS;;AAA9B,4BAIC;AAHgB,qBAAW,GAAU,UAAU,CAAC;AAC7B,iBAAO,GAAU,OAAO,CAAC;AAC5B,kBAAQ,GAAQ,4DAA4D,CAAA","sourcesContent":["export default class Constants {\n\tstatic readonly serviceName:string = \"cirquick\";\n    static readonly version:string = \"0.0.0\";\n\tstatic readonly mongoUrl:string=\"mongodb+srv://test:cirquick@cluster0.bc0hl.mongodb.net/dev\"\n}\n"]},"_coverageSchema":"1a1c01bbd47fc00a2c39e90264f33305004495a9","hash":"ba496bcff978ea02de7d3493999f9787b67c0877","contentHash":"90065c6d20f420f6de956df36f361ae37c13230357fa80de5ce5571274d90de0"},"/Users/kushalshah/Documents/461L/backend/src/routes/routes.ts":{"path":"/Users/kushalshah/Documents/461L/backend/src/routes/routes.ts","statementMap":{"0":{"start":{"line":1,"column":0},"end":{"line":1,"column":62}},"1":{"start":{"line":2,"column":0},"end":{"line":2,"column":32}},"2":{"start":{"line":6,"column":18},"end":{"line":6,"column":42}},"3":{"start":{"line":8,"column":26},"end":{"line":8,"column":69}},"4":{"start":{"line":10,"column":31},"end":{"line":10,"column":79}},"5":{"start":{"line":12,"column":28},"end":{"line":12,"column":73}},"6":{"start":{"line":14,"column":29},"end":{"line":14,"column":75}},"7":{"start":{"line":16,"column":25},"end":{"line":16,"column":67}},"8":{"start":{"line":18,"column":19},"end":{"line":18,"column":41}},"9":{"start":{"line":20,"column":15},"end":{"line":58,"column":1}},"10":{"start":{"line":59,"column":26},"end":{"line":59,"column":65}},"11":{"start":{"line":66,"column":4},"end":{"line":81,"column":7}},"12":{"start":{"line":67,"column":21},"end":{"line":69,"column":9}},"13":{"start":{"line":71,"column":28},"end":{"line":71,"column":30}},"14":{"start":{"line":72,"column":8},"end":{"line":77,"column":9}},"15":{"start":{"line":73,"column":12},"end":{"line":73,"column":70}},"16":{"start":{"line":76,"column":12},"end":{"line":76,"column":29}},"17":{"start":{"line":78,"column":27},"end":{"line":78,"column":66}},"18":{"start":{"line":79,"column":24},"end":{"line":79,"column":74}},"19":{"start":{"line":80,"column":8},"end":{"line":80,"column":71}},"20":{"start":{"line":83,"column":4},"end":{"line":98,"column":7}},"21":{"start":{"line":84,"column":21},"end":{"line":86,"column":9}},"22":{"start":{"line":88,"column":28},"end":{"line":88,"column":30}},"23":{"start":{"line":89,"column":8},"end":{"line":94,"column":9}},"24":{"start":{"line":90,"column":12},"end":{"line":90,"column":70}},"25":{"start":{"line":93,"column":12},"end":{"line":93,"column":29}},"26":{"start":{"line":95,"column":27},"end":{"line":95,"column":66}},"27":{"start":{"line":96,"column":24},"end":{"line":96,"column":74}},"28":{"start":{"line":97,"column":8},"end":{"line":97,"column":71}},"29":{"start":{"line":100,"column":4},"end":{"line":115,"column":7}},"30":{"start":{"line":101,"column":21},"end":{"line":103,"column":9}},"31":{"start":{"line":105,"column":28},"end":{"line":105,"column":30}},"32":{"start":{"line":106,"column":8},"end":{"line":111,"column":9}},"33":{"start":{"line":107,"column":12},"end":{"line":107,"column":70}},"34":{"start":{"line":110,"column":12},"end":{"line":110,"column":29}},"35":{"start":{"line":112,"column":27},"end":{"line":112,"column":66}},"36":{"start":{"line":113,"column":24},"end":{"line":113,"column":73}},"37":{"start":{"line":114,"column":8},"end":{"line":114,"column":71}},"38":{"start":{"line":117,"column":4},"end":{"line":132,"column":7}},"39":{"start":{"line":118,"column":21},"end":{"line":120,"column":9}},"40":{"start":{"line":122,"column":28},"end":{"line":122,"column":30}},"41":{"start":{"line":123,"column":8},"end":{"line":128,"column":9}},"42":{"start":{"line":124,"column":12},"end":{"line":124,"column":70}},"43":{"start":{"line":127,"column":12},"end":{"line":127,"column":29}},"44":{"start":{"line":129,"column":27},"end":{"line":129,"column":76}},"45":{"start":{"line":130,"column":24},"end":{"line":130,"column":84}},"46":{"start":{"line":131,"column":8},"end":{"line":131,"column":71}},"47":{"start":{"line":134,"column":4},"end":{"line":149,"column":7}},"48":{"start":{"line":135,"column":21},"end":{"line":137,"column":9}},"49":{"start":{"line":139,"column":28},"end":{"line":139,"column":30}},"50":{"start":{"line":140,"column":8},"end":{"line":145,"column":9}},"51":{"start":{"line":141,"column":12},"end":{"line":141,"column":70}},"52":{"start":{"line":144,"column":12},"end":{"line":144,"column":29}},"53":{"start":{"line":146,"column":27},"end":{"line":146,"column":76}},"54":{"start":{"line":147,"column":24},"end":{"line":147,"column":83}},"55":{"start":{"line":148,"column":8},"end":{"line":148,"column":71}},"56":{"start":{"line":151,"column":4},"end":{"line":166,"column":7}},"57":{"start":{"line":152,"column":21},"end":{"line":154,"column":9}},"58":{"start":{"line":156,"column":28},"end":{"line":156,"column":30}},"59":{"start":{"line":157,"column":8},"end":{"line":162,"column":9}},"60":{"start":{"line":158,"column":12},"end":{"line":158,"column":70}},"61":{"start":{"line":161,"column":12},"end":{"line":161,"column":29}},"62":{"start":{"line":163,"column":27},"end":{"line":163,"column":70}},"63":{"start":{"line":164,"column":24},"end":{"line":164,"column":81}},"64":{"start":{"line":165,"column":8},"end":{"line":165,"column":71}},"65":{"start":{"line":168,"column":4},"end":{"line":183,"column":7}},"66":{"start":{"line":169,"column":21},"end":{"line":171,"column":9}},"67":{"start":{"line":173,"column":28},"end":{"line":173,"column":30}},"68":{"start":{"line":174,"column":8},"end":{"line":179,"column":9}},"69":{"start":{"line":175,"column":12},"end":{"line":175,"column":70}},"70":{"start":{"line":178,"column":12},"end":{"line":178,"column":29}},"71":{"start":{"line":180,"column":27},"end":{"line":180,"column":70}},"72":{"start":{"line":181,"column":24},"end":{"line":181,"column":78}},"73":{"start":{"line":182,"column":8},"end":{"line":182,"column":71}},"74":{"start":{"line":185,"column":4},"end":{"line":200,"column":7}},"75":{"start":{"line":186,"column":21},"end":{"line":188,"column":9}},"76":{"start":{"line":190,"column":28},"end":{"line":190,"column":30}},"77":{"start":{"line":191,"column":8},"end":{"line":196,"column":9}},"78":{"start":{"line":192,"column":12},"end":{"line":192,"column":70}},"79":{"start":{"line":195,"column":12},"end":{"line":195,"column":29}},"80":{"start":{"line":197,"column":27},"end":{"line":197,"column":70}},"81":{"start":{"line":198,"column":24},"end":{"line":198,"column":84}},"82":{"start":{"line":199,"column":8},"end":{"line":199,"column":71}},"83":{"start":{"line":202,"column":4},"end":{"line":217,"column":7}},"84":{"start":{"line":203,"column":21},"end":{"line":205,"column":9}},"85":{"start":{"line":207,"column":28},"end":{"line":207,"column":30}},"86":{"start":{"line":208,"column":8},"end":{"line":213,"column":9}},"87":{"start":{"line":209,"column":12},"end":{"line":209,"column":70}},"88":{"start":{"line":212,"column":12},"end":{"line":212,"column":29}},"89":{"start":{"line":214,"column":27},"end":{"line":214,"column":70}},"90":{"start":{"line":215,"column":24},"end":{"line":215,"column":82}},"91":{"start":{"line":216,"column":8},"end":{"line":216,"column":71}},"92":{"start":{"line":219,"column":4},"end":{"line":234,"column":7}},"93":{"start":{"line":220,"column":21},"end":{"line":222,"column":9}},"94":{"start":{"line":224,"column":28},"end":{"line":224,"column":30}},"95":{"start":{"line":225,"column":8},"end":{"line":230,"column":9}},"96":{"start":{"line":226,"column":12},"end":{"line":226,"column":70}},"97":{"start":{"line":229,"column":12},"end":{"line":229,"column":29}},"98":{"start":{"line":231,"column":27},"end":{"line":231,"column":72}},"99":{"start":{"line":232,"column":24},"end":{"line":232,"column":79}},"100":{"start":{"line":233,"column":8},"end":{"line":233,"column":71}},"101":{"start":{"line":236,"column":4},"end":{"line":251,"column":7}},"102":{"start":{"line":237,"column":21},"end":{"line":239,"column":9}},"103":{"start":{"line":241,"column":28},"end":{"line":241,"column":30}},"104":{"start":{"line":242,"column":8},"end":{"line":247,"column":9}},"105":{"start":{"line":243,"column":12},"end":{"line":243,"column":70}},"106":{"start":{"line":246,"column":12},"end":{"line":246,"column":29}},"107":{"start":{"line":248,"column":27},"end":{"line":248,"column":72}},"108":{"start":{"line":249,"column":24},"end":{"line":249,"column":82}},"109":{"start":{"line":250,"column":8},"end":{"line":250,"column":71}},"110":{"start":{"line":253,"column":4},"end":{"line":268,"column":7}},"111":{"start":{"line":254,"column":21},"end":{"line":256,"column":9}},"112":{"start":{"line":258,"column":28},"end":{"line":258,"column":30}},"113":{"start":{"line":259,"column":8},"end":{"line":264,"column":9}},"114":{"start":{"line":260,"column":12},"end":{"line":260,"column":70}},"115":{"start":{"line":263,"column":12},"end":{"line":263,"column":29}},"116":{"start":{"line":265,"column":27},"end":{"line":265,"column":64}},"117":{"start":{"line":266,"column":24},"end":{"line":266,"column":78}},"118":{"start":{"line":267,"column":8},"end":{"line":267,"column":71}},"119":{"start":{"line":270,"column":4},"end":{"line":285,"column":7}},"120":{"start":{"line":271,"column":21},"end":{"line":273,"column":9}},"121":{"start":{"line":275,"column":28},"end":{"line":275,"column":30}},"122":{"start":{"line":276,"column":8},"end":{"line":281,"column":9}},"123":{"start":{"line":277,"column":12},"end":{"line":277,"column":70}},"124":{"start":{"line":280,"column":12},"end":{"line":280,"column":29}},"125":{"start":{"line":282,"column":27},"end":{"line":282,"column":64}},"126":{"start":{"line":283,"column":24},"end":{"line":283,"column":83}},"127":{"start":{"line":284,"column":8},"end":{"line":284,"column":71}},"128":{"start":{"line":290,"column":8},"end":{"line":290,"column":88}},"129":{"start":{"line":293,"column":8},"end":{"line":304,"column":43}},"130":{"start":{"line":295,"column":29},"end":{"line":295,"column":42}},"131":{"start":{"line":297,"column":12},"end":{"line":300,"column":13}},"132":{"start":{"line":298,"column":16},"end":{"line":298,"column":53}},"133":{"start":{"line":299,"column":16},"end":{"line":299,"column":69}},"134":{"start":{"line":302,"column":12},"end":{"line":302,"column":63}},"135":{"start":{"line":304,"column":30},"end":{"line":304,"column":41}},"136":{"start":{"line":308,"column":8},"end":{"line":310,"column":9}},"137":{"start":{"line":309,"column":12},"end":{"line":309,"column":19}},"138":{"start":{"line":311,"column":8},"end":{"line":313,"column":11}},"139":{"start":{"line":312,"column":12},"end":{"line":312,"column":46}},"140":{"start":{"line":314,"column":8},"end":{"line":322,"column":9}},"141":{"start":{"line":315,"column":12},"end":{"line":315,"column":32}},"142":{"start":{"line":317,"column":13},"end":{"line":322,"column":9}},"143":{"start":{"line":318,"column":12},"end":{"line":318,"column":58}},"144":{"start":{"line":321,"column":12},"end":{"line":321,"column":53}},"145":{"start":{"line":326,"column":8},"end":{"line":328,"column":10}},"146":{"start":{"line":327,"column":12},"end":{"line":327,"column":59}},"147":{"start":{"line":333,"column":28},"end":{"line":333,"column":30}},"148":{"start":{"line":334,"column":23},"end":{"line":362,"column":10}},"149":{"start":{"line":335,"column":25},"end":{"line":335,"column":39}},"150":{"start":{"line":336,"column":12},"end":{"line":361,"column":13}},"151":{"start":{"line":338,"column":20},"end":{"line":338,"column":35}},"152":{"start":{"line":340,"column":20},"end":{"line":340,"column":178}},"153":{"start":{"line":342,"column":20},"end":{"line":342,"column":179}},"154":{"start":{"line":344,"column":20},"end":{"line":344,"column":179}},"155":{"start":{"line":346,"column":20},"end":{"line":346,"column":171}},"156":{"start":{"line":348,"column":20},"end":{"line":348,"column":175}},"157":{"start":{"line":350,"column":20},"end":{"line":358,"column":21}},"158":{"start":{"line":351,"column":24},"end":{"line":351,"column":175}},"159":{"start":{"line":353,"column":25},"end":{"line":358,"column":21}},"160":{"start":{"line":354,"column":24},"end":{"line":354,"column":176}},"161":{"start":{"line":357,"column":24},"end":{"line":357,"column":181}},"162":{"start":{"line":360,"column":20},"end":{"line":360,"column":47}},"163":{"start":{"line":363,"column":8},"end":{"line":365,"column":9}},"164":{"start":{"line":364,"column":12},"end":{"line":364,"column":63}},"165":{"start":{"line":366,"column":8},"end":{"line":366,"column":22}},"166":{"start":{"line":370,"column":0},"end":{"line":370,"column":40}}},"fnMap":{"0":{"name":"RegisterRoutes","decl":{"start":{"line":61,"column":9},"end":{"line":61,"column":23}},"loc":{"start":{"line":61,"column":29},"end":{"line":369,"column":1}},"line":61},"1":{"name":"AdminController_signup","decl":{"start":{"line":66,"column":33},"end":{"line":66,"column":55}},"loc":{"start":{"line":66,"column":81},"end":{"line":81,"column":5}},"line":66},"2":{"name":"AdminController_signin","decl":{"start":{"line":83,"column":33},"end":{"line":83,"column":55}},"loc":{"start":{"line":83,"column":81},"end":{"line":98,"column":5}},"line":83},"3":{"name":"AdminController_reset","decl":{"start":{"line":100,"column":32},"end":{"line":100,"column":53}},"loc":{"start":{"line":100,"column":79},"end":{"line":115,"column":5}},"line":100},"4":{"name":"CheckInOutController_checkoutResource","decl":{"start":{"line":117,"column":46},"end":{"line":117,"column":83}},"loc":{"start":{"line":117,"column":109},"end":{"line":132,"column":5}},"line":117},"5":{"name":"CheckInOutController_checkinResource","decl":{"start":{"line":134,"column":45},"end":{"line":134,"column":81}},"loc":{"start":{"line":134,"column":107},"end":{"line":149,"column":5}},"line":134},"6":{"name":"ProjectController_createProject","decl":{"start":{"line":151,"column":41},"end":{"line":151,"column":72}},"loc":{"start":{"line":151,"column":98},"end":{"line":166,"column":5}},"line":151},"7":{"name":"ProjectController_getProject","decl":{"start":{"line":168,"column":37},"end":{"line":168,"column":65}},"loc":{"start":{"line":168,"column":91},"end":{"line":183,"column":5}},"line":168},"8":{"name":"ProjectController_addUserToProject","decl":{"start":{"line":185,"column":42},"end":{"line":185,"column":76}},"loc":{"start":{"line":185,"column":102},"end":{"line":200,"column":5}},"line":185},"9":{"name":"ProjectController_getAllProjects","decl":{"start":{"line":202,"column":33},"end":{"line":202,"column":65}},"loc":{"start":{"line":202,"column":91},"end":{"line":217,"column":5}},"line":202},"10":{"name":"ResourceController_getResource","decl":{"start":{"line":219,"column":38},"end":{"line":219,"column":68}},"loc":{"start":{"line":219,"column":94},"end":{"line":234,"column":5}},"line":219},"11":{"name":"ResourceController_createResource","decl":{"start":{"line":236,"column":42},"end":{"line":236,"column":75}},"loc":{"start":{"line":236,"column":101},"end":{"line":251,"column":5}},"line":236},"12":{"name":"UserController_updateUser","decl":{"start":{"line":253,"column":31},"end":{"line":253,"column":56}},"loc":{"start":{"line":253,"column":82},"end":{"line":268,"column":5}},"line":253},"13":{"name":"UserController_getUserProjects","decl":{"start":{"line":270,"column":39},"end":{"line":270,"column":69}},"loc":{"start":{"line":270,"column":95},"end":{"line":285,"column":5}},"line":270},"14":{"name":"isController","decl":{"start":{"line":289,"column":13},"end":{"line":289,"column":25}},"loc":{"start":{"line":289,"column":34},"end":{"line":291,"column":5}},"line":289},"15":{"name":"promiseHandler","decl":{"start":{"line":292,"column":13},"end":{"line":292,"column":27}},"loc":{"start":{"line":292,"column":83},"end":{"line":305,"column":5}},"line":292},"16":{"name":"(anonymous_16)","decl":{"start":{"line":294,"column":18},"end":{"line":294,"column":19}},"loc":{"start":{"line":294,"column":28},"end":{"line":303,"column":9}},"line":294},"17":{"name":"(anonymous_17)","decl":{"start":{"line":304,"column":19},"end":{"line":304,"column":20}},"loc":{"start":{"line":304,"column":30},"end":{"line":304,"column":41}},"line":304},"18":{"name":"returnHandler","decl":{"start":{"line":307,"column":13},"end":{"line":307,"column":26}},"loc":{"start":{"line":307,"column":69},"end":{"line":323,"column":5}},"line":307},"19":{"name":"(anonymous_19)","decl":{"start":{"line":311,"column":37},"end":{"line":311,"column":38}},"loc":{"start":{"line":311,"column":47},"end":{"line":313,"column":9}},"line":311},"20":{"name":"responder","decl":{"start":{"line":325,"column":13},"end":{"line":325,"column":22}},"loc":{"start":{"line":325,"column":33},"end":{"line":329,"column":5}},"line":325},"21":{"name":"(anonymous_21)","decl":{"start":{"line":326,"column":15},"end":{"line":326,"column":16}},"loc":{"start":{"line":326,"column":48},"end":{"line":328,"column":9}},"line":326},"22":{"name":"getValidatedArgs","decl":{"start":{"line":332,"column":13},"end":{"line":332,"column":29}},"loc":{"start":{"line":332,"column":55},"end":{"line":367,"column":5}},"line":332},"23":{"name":"(anonymous_23)","decl":{"start":{"line":334,"column":45},"end":{"line":334,"column":46}},"loc":{"start":{"line":334,"column":54},"end":{"line":362,"column":9}},"line":334}},"branchMap":{"0":{"loc":{"start":{"line":290,"column":15},"end":{"line":290,"column":87}},"type":"binary-expr","locations":[{"start":{"line":290,"column":15},"end":{"line":290,"column":37}},{"start":{"line":290,"column":41},"end":{"line":290,"column":62}},{"start":{"line":290,"column":66},"end":{"line":290,"column":87}}],"line":290},"1":{"loc":{"start":{"line":297,"column":12},"end":{"line":300,"column":13}},"type":"if","locations":[{"start":{"line":297,"column":12},"end":{"line":300,"column":13}},{"start":{"line":297,"column":12},"end":{"line":300,"column":13}}],"line":297},"2":{"loc":{"start":{"line":299,"column":29},"end":{"line":299,"column":68}},"type":"binary-expr","locations":[{"start":{"line":299,"column":29},"end":{"line":299,"column":54}},{"start":{"line":299,"column":58},"end":{"line":299,"column":68}}],"line":299},"3":{"loc":{"start":{"line":307,"column":55},"end":{"line":307,"column":67}},"type":"default-arg","locations":[{"start":{"line":307,"column":65},"end":{"line":307,"column":67}}],"line":307},"4":{"loc":{"start":{"line":308,"column":8},"end":{"line":310,"column":9}},"type":"if","locations":[{"start":{"line":308,"column":8},"end":{"line":310,"column":9}},{"start":{"line":308,"column":8},"end":{"line":310,"column":9}}],"line":308},"5":{"loc":{"start":{"line":314,"column":8},"end":{"line":322,"column":9}},"type":"if","locations":[{"start":{"line":314,"column":8},"end":{"line":322,"column":9}},{"start":{"line":314,"column":8},"end":{"line":322,"column":9}}],"line":314},"6":{"loc":{"start":{"line":314,"column":12},"end":{"line":314,"column":104}},"type":"binary-expr","locations":[{"start":{"line":314,"column":12},"end":{"line":314,"column":16}},{"start":{"line":314,"column":20},"end":{"line":314,"column":51}},{"start":{"line":314,"column":55},"end":{"line":314,"column":68}},{"start":{"line":314,"column":72},"end":{"line":314,"column":104}}],"line":314},"7":{"loc":{"start":{"line":317,"column":13},"end":{"line":322,"column":9}},"type":"if","locations":[{"start":{"line":317,"column":13},"end":{"line":322,"column":9}},{"start":{"line":317,"column":13},"end":{"line":322,"column":9}}],"line":317},"8":{"loc":{"start":{"line":317,"column":17},"end":{"line":317,"column":52}},"type":"binary-expr","locations":[{"start":{"line":317,"column":17},"end":{"line":317,"column":30}},{"start":{"line":317,"column":34},"end":{"line":317,"column":52}}],"line":317},"9":{"loc":{"start":{"line":318,"column":28},"end":{"line":318,"column":45}},"type":"binary-expr","locations":[{"start":{"line":318,"column":28},"end":{"line":318,"column":38}},{"start":{"line":318,"column":42},"end":{"line":318,"column":45}}],"line":318},"10":{"loc":{"start":{"line":321,"column":28},"end":{"line":321,"column":45}},"type":"binary-expr","locations":[{"start":{"line":321,"column":28},"end":{"line":321,"column":38}},{"start":{"line":321,"column":42},"end":{"line":321,"column":45}}],"line":321},"11":{"loc":{"start":{"line":336,"column":12},"end":{"line":361,"column":13}},"type":"switch","locations":[{"start":{"line":337,"column":16},"end":{"line":338,"column":35}},{"start":{"line":339,"column":16},"end":{"line":340,"column":178}},{"start":{"line":341,"column":16},"end":{"line":342,"column":179}},{"start":{"line":343,"column":16},"end":{"line":344,"column":179}},{"start":{"line":345,"column":16},"end":{"line":346,"column":171}},{"start":{"line":347,"column":16},"end":{"line":348,"column":175}},{"start":{"line":349,"column":16},"end":{"line":358,"column":21}},{"start":{"line":359,"column":16},"end":{"line":360,"column":47}}],"line":336},"12":{"loc":{"start":{"line":350,"column":20},"end":{"line":358,"column":21}},"type":"if","locations":[{"start":{"line":350,"column":20},"end":{"line":358,"column":21}},{"start":{"line":350,"column":20},"end":{"line":358,"column":21}}],"line":350},"13":{"loc":{"start":{"line":353,"column":25},"end":{"line":358,"column":21}},"type":"if","locations":[{"start":{"line":353,"column":25},"end":{"line":358,"column":21}},{"start":{"line":353,"column":25},"end":{"line":358,"column":21}}],"line":353},"14":{"loc":{"start":{"line":353,"column":29},"end":{"line":353,"column":98}},"type":"binary-expr","locations":[{"start":{"line":353,"column":29},"end":{"line":353,"column":59}},{"start":{"line":353,"column":63},"end":{"line":353,"column":98}}],"line":353},"15":{"loc":{"start":{"line":363,"column":8},"end":{"line":365,"column":9}},"type":"if","locations":[{"start":{"line":363,"column":8},"end":{"line":365,"column":9}},{"start":{"line":363,"column":8},"end":{"line":365,"column":9}}],"line":363}},"s":{"0":1,"1":1,"2":1,"3":1,"4":1,"5":1,"6":1,"7":1,"8":1,"9":1,"10":1,"11":1,"12":2,"13":2,"14":2,"15":2,"16":0,"17":2,"18":2,"19":2,"20":1,"21":1,"22":1,"23":1,"24":1,"25":0,"26":1,"27":1,"28":1,"29":1,"30":0,"31":0,"32":0,"33":0,"34":0,"35":0,"36":0,"37":0,"38":1,"39":1,"40":1,"41":1,"42":1,"43":0,"44":1,"45":1,"46":1,"47":1,"48":1,"49":1,"50":1,"51":1,"52":0,"53":1,"54":1,"55":1,"56":1,"57":1,"58":1,"59":1,"60":1,"61":0,"62":1,"63":1,"64":1,"65":1,"66":2,"67":2,"68":2,"69":2,"70":0,"71":2,"72":2,"73":2,"74":1,"75":1,"76":1,"77":1,"78":1,"79":0,"80":1,"81":1,"82":1,"83":1,"84":0,"85":0,"86":0,"87":0,"88":0,"89":0,"90":0,"91":0,"92":1,"93":1,"94":1,"95":1,"96":1,"97":0,"98":1,"99":1,"100":1,"101":1,"102":1,"103":1,"104":1,"105":1,"106":0,"107":1,"108":1,"109":1,"110":1,"111":1,"112":1,"113":1,"114":1,"115":0,"116":1,"117":1,"118":1,"119":1,"120":1,"121":1,"122":1,"123":1,"124":0,"125":1,"126":1,"127":1,"128":12,"129":13,"130":12,"131":12,"132":12,"133":12,"134":12,"135":1,"136":12,"137":0,"138":12,"139":0,"140":12,"141":0,"142":12,"143":11,"144":1,"145":0,"146":0,"147":13,"148":13,"149":13,"150":13,"151":0,"152":1,"153":3,"154":0,"155":9,"156":0,"157":0,"158":0,"159":0,"160":0,"161":0,"162":0,"163":13,"164":0,"165":13,"166":1},"f":{"0":1,"1":2,"2":1,"3":0,"4":1,"5":1,"6":1,"7":2,"8":1,"9":0,"10":1,"11":1,"12":1,"13":1,"14":12,"15":13,"16":12,"17":1,"18":12,"19":0,"20":0,"21":0,"22":13,"23":13},"b":{"0":[12,12,12],"1":[12,0],"2":[12,12],"3":[0],"4":[0,12],"5":[0,12],"6":[12,11,0,0],"7":[11,1],"8":[12,12],"9":[11,11],"10":[1,1],"11":[0,1,3,0,9,0,0,0],"12":[0,0],"13":[0,0],"14":[0,0],"15":[0,13]},"inputSourceMap":{"version":3,"file":"/Users/kushalshah/Documents/461L/backend/src/routes/routes.ts","sources":["/Users/kushalshah/Documents/461L/backend/src/routes/routes.ts"],"names":[],"mappings":";;AAAA,oBAAoB;AACpB,oBAAoB;AACpB,oJAAoJ;AACpJ,2CAA0I;AAC1I,oJAAoJ;AACpJ,sEAAmE;AACnE,oJAAoJ;AACpJ,gFAA6E;AAC7E,oJAAoJ;AACpJ,0EAAuE;AACvE,oJAAoJ;AACpJ,4EAAyE;AACzE,oJAAoJ;AACpJ,oEAAiE;AAEjE,6DAA6D;AAC7D,MAAM,UAAU,GAAG,OAAO,CAAC,aAAa,CAAC,CAAC;AAG1C,oJAAoJ;AAEpJ,MAAM,MAAM,GAAqB;IAC7B,kBAAkB,EAAE;QAChB,UAAU,EAAE,WAAW;QACvB,YAAY,EAAE;YACV,WAAW,EAAE,EAAC,UAAU,EAAC,QAAQ,EAAC,UAAU,EAAC,IAAI,EAAC;YAClD,MAAM,EAAE,EAAC,UAAU,EAAC,QAAQ,EAAC,UAAU,EAAC,IAAI,EAAC;YAC7C,aAAa,EAAE,EAAC,UAAU,EAAC,QAAQ,EAAC,UAAU,EAAC,IAAI,EAAC;YACpD,aAAa,EAAE,EAAC,UAAU,EAAC,OAAO,EAAC,OAAO,EAAC,EAAC,UAAU,EAAC,QAAQ,EAAC,EAAC,UAAU,EAAC,IAAI,EAAC;YACjF,OAAO,EAAE,EAAC,UAAU,EAAC,QAAQ,EAAC,UAAU,EAAC,IAAI,EAAC;YAC9C,WAAW,EAAE,EAAC,UAAU,EAAC,qBAAqB,EAAC,kBAAkB,EAAC,EAAE,EAAC,sBAAsB,EAAC,EAAC,UAAU,EAAC,qBAAqB,EAAC,kBAAkB,EAAC,EAAC,iBAAiB,EAAC,EAAC,UAAU,EAAC,OAAO,EAAC,OAAO,EAAC,EAAC,UAAU,EAAC,qBAAqB,EAAC,kBAAkB,EAAC,EAAC,cAAc,EAAC,EAAC,UAAU,EAAC,QAAQ,EAAC,UAAU,EAAC,IAAI,EAAC,EAAC,QAAQ,EAAC,EAAC,UAAU,EAAC,QAAQ,EAAC,UAAU,EAAC,IAAI,EAAC,EAAC,EAAC,EAAC,UAAU,EAAC,IAAI,EAAC,EAAC,gBAAgB,EAAC,EAAC,UAAU,EAAC,QAAQ,EAAC,UAAU,EAAC,IAAI,EAAC,EAAC,EAAC,EAAC,UAAU,EAAC,IAAI,EAAC;YACtb,kBAAkB,EAAE,EAAC,UAAU,EAAC,QAAQ,EAAC,UAAU,EAAC,IAAI,EAAC;YACzD,cAAc,EAAE,EAAC,UAAU,EAAC,OAAO,EAAC,OAAO,EAAC,EAAC,UAAU,EAAC,qBAAqB,EAAC,kBAAkB,EAAC,EAAC,QAAQ,EAAC,EAAC,UAAU,EAAC,QAAQ,EAAC,UAAU,EAAC,IAAI,EAAC,EAAC,WAAW,EAAC,EAAC,UAAU,EAAC,QAAQ,EAAC,UAAU,EAAC,IAAI,EAAC,EAAC,SAAS,EAAC,EAAC,UAAU,EAAC,QAAQ,EAAC,UAAU,EAAC,IAAI,EAAC,EAAC,QAAQ,EAAC,EAAC,UAAU,EAAC,QAAQ,EAAC,UAAU,EAAC,IAAI,EAAC,EAAC,QAAQ,EAAC,EAAC,UAAU,EAAC,OAAO,EAAC,YAAY,EAAC,CAAC,EAAC,UAAU,EAAC,MAAM,EAAC,OAAO,EAAC,CAAC,SAAS,CAAC,EAAC,EAAC,EAAC,UAAU,EAAC,MAAM,EAAC,OAAO,EAAC,CAAC,UAAU,CAAC,EAAC,CAAC,EAAC,UAAU,EAAC,IAAI,EAAC,EAAC,EAAC,EAAC,UAAU,EAAC,IAAI,EAAC;SACrc;QACD,sBAAsB,EAAE,KAAK;KAChC;IACD,oJAAoJ;IACpJ,mBAAmB,EAAE;QACjB,UAAU,EAAE,WAAW;QACvB,YAAY,EAAE;YACV,SAAS,EAAE,EAAC,UAAU,EAAC,QAAQ,EAAC,UAAU,EAAC,IAAI,EAAC;YAChD,WAAW,EAAE,EAAC,UAAU,EAAC,QAAQ,EAAC,UAAU,EAAC,IAAI,EAAC;YAClD,UAAU,EAAE,EAAC,UAAU,EAAC,QAAQ,EAAC,UAAU,EAAC,IAAI,EAAC;YACjD,aAAa,EAAE,EAAC,UAAU,EAAC,QAAQ,EAAC,UAAU,EAAC,IAAI,EAAC;YACpD,cAAc,EAAE,EAAC,UAAU,EAAC,OAAO,EAAC,OAAO,EAAC,EAAC,UAAU,EAAC,qBAAqB,EAAC,kBAAkB,EAAC,EAAC,WAAW,EAAC,EAAC,UAAU,EAAC,QAAQ,EAAC,UAAU,EAAC,IAAI,EAAC,EAAC,QAAQ,EAAC,EAAC,UAAU,EAAC,QAAQ,EAAC,UAAU,EAAC,IAAI,EAAC,EAAC,QAAQ,EAAC,EAAC,UAAU,EAAC,QAAQ,EAAC,UAAU,EAAC,IAAI,EAAC,EAAC,QAAQ,EAAC,EAAC,UAAU,EAAC,OAAO,EAAC,YAAY,EAAC,CAAC,EAAC,UAAU,EAAC,MAAM,EAAC,OAAO,EAAC,CAAC,SAAS,CAAC,EAAC,EAAC,EAAC,UAAU,EAAC,MAAM,EAAC,OAAO,EAAC,CAAC,UAAU,CAAC,EAAC,CAAC,EAAC,UAAU,EAAC,IAAI,EAAC,EAAC,EAAC,EAAC,UAAU,EAAC,IAAI,EAAC;SACrZ;QACD,sBAAsB,EAAE,KAAK;KAChC;IACD,oJAAoJ;IACpJ,4BAA4B,EAAE;QAC1B,UAAU,EAAE,UAAU;QACtB,MAAM,EAAE,EAAC,UAAU,EAAC,qBAAqB,EAAC,kBAAkB,EAAC,EAAC,SAAS,EAAC,EAAC,UAAU,EAAC,QAAQ,EAAC,EAAC,WAAW,EAAC,EAAC,UAAU,EAAC,QAAQ,EAAC,EAAC,UAAU,EAAC,EAAC,UAAU,EAAC,QAAQ,EAAC,EAAC,aAAa,EAAC,EAAC,UAAU,EAAC,QAAQ,EAAC,EAAC,cAAc,EAAC,EAAC,UAAU,EAAC,OAAO,EAAC,OAAO,EAAC,EAAC,UAAU,EAAC,qBAAqB,EAAC,kBAAkB,EAAC,EAAC,WAAW,EAAC,EAAC,UAAU,EAAC,QAAQ,EAAC,UAAU,EAAC,IAAI,EAAC,EAAC,QAAQ,EAAC,EAAC,UAAU,EAAC,QAAQ,EAAC,UAAU,EAAC,IAAI,EAAC,EAAC,QAAQ,EAAC,EAAC,UAAU,EAAC,QAAQ,EAAC,UAAU,EAAC,IAAI,EAAC,EAAC,QAAQ,EAAC,EAAC,UAAU,EAAC,OAAO,EAAC,YAAY,EAAC,CAAC,EAAC,UAAU,EAAC,MAAM,EAAC,OAAO,EAAC,CAAC,SAAS,CAAC,EAAC,EAAC,EAAC,UAAU,EAAC,MAAM,EAAC,OAAO,EAAC,CAAC,UAAU,CAAC,EAAC,CAAC,EAAC,UAAU,EAAC,IAAI,EAAC,EAAC,EAAC,EAAC,EAAC,EAAC,YAAY,EAAC,EAAE,EAAC;KAC3lB;IACD,oJAAoJ;IACpJ,wBAAwB,EAAE;QACtB,UAAU,EAAE,UAAU;QACtB,MAAM,EAAE,EAAC,UAAU,EAAC,qBAAqB,EAAC,kBAAkB,EAAC,EAAC,QAAQ,EAAC,EAAC,UAAU,EAAC,QAAQ,EAAC,EAAC,UAAU,EAAC,EAAC,UAAU,EAAC,QAAQ,EAAC,EAAC,UAAU,EAAC,EAAC,UAAU,EAAC,QAAQ,EAAC,EAAC,gBAAgB,EAAC,EAAC,UAAU,EAAC,OAAO,EAAC,OAAO,EAAC,EAAC,UAAU,EAAC,qBAAqB,EAAC,kBAAkB,EAAC,EAAC,MAAM,EAAC,EAAC,UAAU,EAAC,OAAO,EAAC,YAAY,EAAC,CAAC,EAAC,UAAU,EAAC,MAAM,EAAC,OAAO,EAAC,CAAC,OAAO,CAAC,EAAC,EAAC,EAAC,UAAU,EAAC,MAAM,EAAC,OAAO,EAAC,CAAC,QAAQ,CAAC,EAAC,CAAC,EAAC,UAAU,EAAC,IAAI,EAAC,EAAC,WAAW,EAAC,EAAC,UAAU,EAAC,QAAQ,EAAC,UAAU,EAAC,IAAI,EAAC,EAAC,EAAC,EAAC,EAAC,cAAc,EAAC,EAAC,UAAU,EAAC,OAAO,EAAC,OAAO,EAAC,EAAC,UAAU,EAAC,qBAAqB,EAAC,kBAAkB,EAAC,EAAC,WAAW,EAAC,EAAC,UAAU,EAAC,QAAQ,EAAC,UAAU,EAAC,IAAI,EAAC,EAAC,WAAW,EAAC,EAAC,UAAU,EAAC,QAAQ,EAAC,UAAU,EAAC,IAAI,EAAC,EAAC,SAAS,EAAC,EAAC,UAAU,EAAC,QAAQ,EAAC,UAAU,EAAC,IAAI,EAAC,EAAC,QAAQ,EAAC,EAAC,UAAU,EAAC,QAAQ,EAAC,UAAU,EAAC,IAAI,EAAC,EAAC,QAAQ,EAAC,EAAC,UAAU,EAAC,OAAO,EAAC,YAAY,EAAC,CAAC,EAAC,UAAU,EAAC,MAAM,EAAC,OAAO,EAAC,CAAC,SAAS,CAAC,EAAC,EAAC,EAAC,UAAU,EAAC,MAAM,EAAC,OAAO,EAAC,CAAC,UAAU,CAAC,EAAC,CAAC,EAAC,UAAU,EAAC,IAAI,EAAC,EAAC,EAAC,EAAC,EAAC,EAAC,YAAY,EAAC,EAAE,EAAC;KACx4B;IACD,oJAAoJ;CACvJ,CAAC;AACF,MAAM,iBAAiB,GAAG,IAAI,2BAAiB,CAAC,MAAM,CAAC,CAAC;AAExD,oJAAoJ;AAEpJ,SAAgB,cAAc,CAAC,GAAmB;IAC9C,8GAA8G;IAC9G,mIAAmI;IACnI,2HAA2H;IAC3H,8GAA8G;IAC1G,GAAG,CAAC,IAAI,CAAC,SAAS,EAEd,SAAS,sBAAsB,CAAC,OAAY,EAAE,QAAa,EAAE,IAAS;QACtE,MAAM,IAAI,GAAG;YACL,IAAI,EAAE,EAAC,IAAI,EAAC,MAAM,EAAC,MAAM,EAAC,MAAM,EAAC,UAAU,EAAC,IAAI,EAAC,UAAU,EAAC,qBAAqB,EAAC,kBAAkB,EAAC,EAAC,UAAU,EAAC,EAAC,UAAU,EAAC,QAAQ,EAAC,UAAU,EAAC,IAAI,EAAC,EAAC,UAAU,EAAC,EAAC,UAAU,EAAC,QAAQ,EAAC,UAAU,EAAC,IAAI,EAAC,EAAC,EAAC;SAChN,CAAC;QAEF,oJAAoJ;QAEpJ,IAAI,aAAa,GAAU,EAAE,CAAC;QAC9B,IAAI;YACA,aAAa,GAAG,gBAAgB,CAAC,IAAI,EAAE,OAAO,EAAE,QAAQ,CAAC,CAAC;SAC7D;QAAC,OAAO,GAAG,EAAE;YACV,OAAO,IAAI,CAAC,GAAG,CAAC,CAAC;SACpB;QAED,MAAM,UAAU,GAAG,IAAI,iCAAe,EAAE,CAAC;QAGzC,MAAM,OAAO,GAAG,UAAU,CAAC,MAAM,CAAC,KAAK,CAAC,UAAU,EAAE,aAAoB,CAAC,CAAC;QAC1E,cAAc,CAAC,UAAU,EAAE,OAAO,EAAE,QAAQ,EAAE,SAAS,EAAE,IAAI,CAAC,CAAC;IACnE,CAAC,CAAC,CAAC;IACH,oJAAoJ;IACpJ,GAAG,CAAC,IAAI,CAAC,SAAS,EAEd,SAAS,sBAAsB,CAAC,OAAY,EAAE,QAAa,EAAE,IAAS;QACtE,MAAM,IAAI,GAAG;YACL,IAAI,EAAE,EAAC,IAAI,EAAC,MAAM,EAAC,MAAM,EAAC,MAAM,EAAC,UAAU,EAAC,IAAI,EAAC,UAAU,EAAC,qBAAqB,EAAC,kBAAkB,EAAC,EAAC,UAAU,EAAC,EAAC,UAAU,EAAC,QAAQ,EAAC,UAAU,EAAC,IAAI,EAAC,EAAC,UAAU,EAAC,EAAC,UAAU,EAAC,QAAQ,EAAC,UAAU,EAAC,IAAI,EAAC,EAAC,EAAC;SAChN,CAAC;QAEF,oJAAoJ;QAEpJ,IAAI,aAAa,GAAU,EAAE,CAAC;QAC9B,IAAI;YACA,aAAa,GAAG,gBAAgB,CAAC,IAAI,EAAE,OAAO,EAAE,QAAQ,CAAC,CAAC;SAC7D;QAAC,OAAO,GAAG,EAAE;YACV,OAAO,IAAI,CAAC,GAAG,CAAC,CAAC;SACpB;QAED,MAAM,UAAU,GAAG,IAAI,iCAAe,EAAE,CAAC;QAGzC,MAAM,OAAO,GAAG,UAAU,CAAC,MAAM,CAAC,KAAK,CAAC,UAAU,EAAE,aAAoB,CAAC,CAAC;QAC1E,cAAc,CAAC,UAAU,EAAE,OAAO,EAAE,QAAQ,EAAE,SAAS,EAAE,IAAI,CAAC,CAAC;IACnE,CAAC,CAAC,CAAC;IACH,oJAAoJ;IACpJ,GAAG,CAAC,IAAI,CAAC,QAAQ,EAEb,SAAS,qBAAqB,CAAC,OAAY,EAAE,QAAa,EAAE,IAAS;QACrE,MAAM,IAAI,GAAG;YACL,IAAI,EAAE,EAAC,IAAI,EAAC,MAAM,EAAC,MAAM,EAAC,MAAM,EAAC,UAAU,EAAC,IAAI,EAAC,UAAU,EAAC,qBAAqB,EAAC,kBAAkB,EAAC,EAAC,YAAY,EAAC,EAAC,UAAU,EAAC,QAAQ,EAAC,UAAU,EAAC,IAAI,EAAC,EAAC,UAAU,EAAC,EAAC,UAAU,EAAC,QAAQ,EAAC,UAAU,EAAC,IAAI,EAAC,EAAC,UAAU,EAAC,EAAC,UAAU,EAAC,QAAQ,EAAC,UAAU,EAAC,IAAI,EAAC,EAAC,EAAC;SACnQ,CAAC;QAEF,oJAAoJ;QAEpJ,IAAI,aAAa,GAAU,EAAE,CAAC;QAC9B,IAAI;YACA,aAAa,GAAG,gBAAgB,CAAC,IAAI,EAAE,OAAO,EAAE,QAAQ,CAAC,CAAC;SAC7D;QAAC,OAAO,GAAG,EAAE;YACV,OAAO,IAAI,CAAC,GAAG,CAAC,CAAC;SACpB;QAED,MAAM,UAAU,GAAG,IAAI,iCAAe,EAAE,CAAC;QAGzC,MAAM,OAAO,GAAG,UAAU,CAAC,KAAK,CAAC,KAAK,CAAC,UAAU,EAAE,aAAoB,CAAC,CAAC;QACzE,cAAc,CAAC,UAAU,EAAE,OAAO,EAAE,QAAQ,EAAE,SAAS,EAAE,IAAI,CAAC,CAAC;IACnE,CAAC,CAAC,CAAC;IACH,oJAAoJ;IACpJ,GAAG,CAAC,IAAI,CAAC,sBAAsB,EAE3B,SAAS,qCAAqC,CAAC,OAAY,EAAE,QAAa,EAAE,IAAS;QACrF,MAAM,IAAI,GAAG;YACL,IAAI,EAAE,EAAC,IAAI,EAAC,MAAM,EAAC,MAAM,EAAC,MAAM,EAAC,UAAU,EAAC,IAAI,EAAC,UAAU,EAAC,qBAAqB,EAAC,kBAAkB,EAAC,EAAC,WAAW,EAAC,EAAC,UAAU,EAAC,QAAQ,EAAC,UAAU,EAAC,IAAI,EAAC,EAAC,QAAQ,EAAC,EAAC,UAAU,EAAC,QAAQ,EAAC,UAAU,EAAC,IAAI,EAAC,EAAC,QAAQ,EAAC,EAAC,UAAU,EAAC,QAAQ,EAAC,UAAU,EAAC,IAAI,EAAC,EAAC,SAAS,EAAC,EAAC,UAAU,EAAC,QAAQ,EAAC,UAAU,EAAC,IAAI,EAAC,EAAC,EAAC;SAC9S,CAAC;QAEF,oJAAoJ;QAEpJ,IAAI,aAAa,GAAU,EAAE,CAAC;QAC9B,IAAI;YACA,aAAa,GAAG,gBAAgB,CAAC,IAAI,EAAE,OAAO,EAAE,QAAQ,CAAC,CAAC;SAC7D;QAAC,OAAO,GAAG,EAAE;YACV,OAAO,IAAI,CAAC,GAAG,CAAC,CAAC;SACpB;QAED,MAAM,UAAU,GAAG,IAAI,2CAAoB,EAAE,CAAC;QAG9C,MAAM,OAAO,GAAG,UAAU,CAAC,gBAAgB,CAAC,KAAK,CAAC,UAAU,EAAE,aAAoB,CAAC,CAAC;QACpF,cAAc,CAAC,UAAU,EAAE,OAAO,EAAE,QAAQ,EAAE,SAAS,EAAE,IAAI,CAAC,CAAC;IACnE,CAAC,CAAC,CAAC;IACH,oJAAoJ;IACpJ,GAAG,CAAC,IAAI,CAAC,qBAAqB,EAE1B,SAAS,oCAAoC,CAAC,OAAY,EAAE,QAAa,EAAE,IAAS;QACpF,MAAM,IAAI,GAAG;YACL,IAAI,EAAE,EAAC,IAAI,EAAC,MAAM,EAAC,MAAM,EAAC,MAAM,EAAC,UAAU,EAAC,IAAI,EAAC,UAAU,EAAC,qBAAqB,EAAC,kBAAkB,EAAC,EAAC,WAAW,EAAC,EAAC,UAAU,EAAC,QAAQ,EAAC,UAAU,EAAC,IAAI,EAAC,EAAC,QAAQ,EAAC,EAAC,UAAU,EAAC,QAAQ,EAAC,UAAU,EAAC,IAAI,EAAC,EAAC,QAAQ,EAAC,EAAC,UAAU,EAAC,QAAQ,EAAC,UAAU,EAAC,IAAI,EAAC,EAAC,SAAS,EAAC,EAAC,UAAU,EAAC,QAAQ,EAAC,UAAU,EAAC,IAAI,EAAC,EAAC,EAAC;SAC9S,CAAC;QAEF,oJAAoJ;QAEpJ,IAAI,aAAa,GAAU,EAAE,CAAC;QAC9B,IAAI;YACA,aAAa,GAAG,gBAAgB,CAAC,IAAI,EAAE,OAAO,EAAE,QAAQ,CAAC,CAAC;SAC7D;QAAC,OAAO,GAAG,EAAE;YACV,OAAO,IAAI,CAAC,GAAG,CAAC,CAAC;SACpB;QAED,MAAM,UAAU,GAAG,IAAI,2CAAoB,EAAE,CAAC;QAG9C,MAAM,OAAO,GAAG,UAAU,CAAC,eAAe,CAAC,KAAK,CAAC,UAAU,EAAE,aAAoB,CAAC,CAAC;QACnF,cAAc,CAAC,UAAU,EAAE,OAAO,EAAE,QAAQ,EAAE,SAAS,EAAE,IAAI,CAAC,CAAC;IACnE,CAAC,CAAC,CAAC;IACH,oJAAoJ;IACpJ,GAAG,CAAC,IAAI,CAAC,iBAAiB,EAEtB,SAAS,+BAA+B,CAAC,OAAY,EAAE,QAAa,EAAE,IAAS;QAC/E,MAAM,IAAI,GAAG;YACL,IAAI,EAAE,EAAC,IAAI,EAAC,MAAM,EAAC,MAAM,EAAC,MAAM,EAAC,UAAU,EAAC,IAAI,EAAC,UAAU,EAAC,qBAAqB,EAAC,kBAAkB,EAAC,EAAC,QAAQ,EAAC,EAAC,UAAU,EAAC,QAAQ,EAAC,UAAU,EAAC,IAAI,EAAC,EAAC,aAAa,EAAC,EAAC,UAAU,EAAC,QAAQ,EAAC,UAAU,EAAC,IAAI,EAAC,EAAC,MAAM,EAAC,EAAC,UAAU,EAAC,QAAQ,EAAC,UAAU,EAAC,IAAI,EAAC,EAAC,EAAC;SAC9P,CAAC;QAEF,oJAAoJ;QAEpJ,IAAI,aAAa,GAAU,EAAE,CAAC;QAC9B,IAAI;YACA,aAAa,GAAG,gBAAgB,CAAC,IAAI,EAAE,OAAO,EAAE,QAAQ,CAAC,CAAC;SAC7D;QAAC,OAAO,GAAG,EAAE;YACV,OAAO,IAAI,CAAC,GAAG,CAAC,CAAC;SACpB;QAED,MAAM,UAAU,GAAG,IAAI,qCAAiB,EAAE,CAAC;QAG3C,MAAM,OAAO,GAAG,UAAU,CAAC,aAAa,CAAC,KAAK,CAAC,UAAU,EAAE,aAAoB,CAAC,CAAC;QACjF,cAAc,CAAC,UAAU,EAAE,OAAO,EAAE,QAAQ,EAAE,SAAS,EAAE,IAAI,CAAC,CAAC;IACnE,CAAC,CAAC,CAAC;IACH,oJAAoJ;IACpJ,GAAG,CAAC,GAAG,CAAC,cAAc,EAElB,SAAS,4BAA4B,CAAC,OAAY,EAAE,QAAa,EAAE,IAAS;QAC5E,MAAM,IAAI,GAAG;YACL,EAAE,EAAE,EAAC,IAAI,EAAC,MAAM,EAAC,MAAM,EAAC,IAAI,EAAC,UAAU,EAAC,IAAI,EAAC,UAAU,EAAC,QAAQ,EAAC;SACxE,CAAC;QAEF,oJAAoJ;QAEpJ,IAAI,aAAa,GAAU,EAAE,CAAC;QAC9B,IAAI;YACA,aAAa,GAAG,gBAAgB,CAAC,IAAI,EAAE,OAAO,EAAE,QAAQ,CAAC,CAAC;SAC7D;QAAC,OAAO,GAAG,EAAE;YACV,OAAO,IAAI,CAAC,GAAG,CAAC,CAAC;SACpB;QAED,MAAM,UAAU,GAAG,IAAI,qCAAiB,EAAE,CAAC;QAG3C,MAAM,OAAO,GAAG,UAAU,CAAC,UAAU,CAAC,KAAK,CAAC,UAAU,EAAE,aAAoB,CAAC,CAAC;QAC9E,cAAc,CAAC,UAAU,EAAE,OAAO,EAAE,QAAQ,EAAE,SAAS,EAAE,IAAI,CAAC,CAAC;IACnE,CAAC,CAAC,CAAC;IACH,oJAAoJ;IACpJ,GAAG,CAAC,IAAI,CAAC,kBAAkB,EAEvB,SAAS,kCAAkC,CAAC,OAAY,EAAE,QAAa,EAAE,IAAS;QAClF,MAAM,IAAI,GAAG;YACL,IAAI,EAAE,EAAC,IAAI,EAAC,MAAM,EAAC,MAAM,EAAC,MAAM,EAAC,UAAU,EAAC,IAAI,EAAC,UAAU,EAAC,qBAAqB,EAAC,kBAAkB,EAAC,EAAC,WAAW,EAAC,EAAC,UAAU,EAAC,QAAQ,EAAC,UAAU,EAAC,IAAI,EAAC,EAAC,QAAQ,EAAC,EAAC,UAAU,EAAC,QAAQ,EAAC,UAAU,EAAC,IAAI,EAAC,EAAC,EAAC;SAC/M,CAAC;QAEF,oJAAoJ;QAEpJ,IAAI,aAAa,GAAU,EAAE,CAAC;QAC9B,IAAI;YACA,aAAa,GAAG,gBAAgB,CAAC,IAAI,EAAE,OAAO,EAAE,QAAQ,CAAC,CAAC;SAC7D;QAAC,OAAO,GAAG,EAAE;YACV,OAAO,IAAI,CAAC,GAAG,CAAC,CAAC;SACpB;QAED,MAAM,UAAU,GAAG,IAAI,qCAAiB,EAAE,CAAC;QAG3C,MAAM,OAAO,GAAG,UAAU,CAAC,gBAAgB,CAAC,KAAK,CAAC,UAAU,EAAE,aAAoB,CAAC,CAAC;QACpF,cAAc,CAAC,UAAU,EAAE,OAAO,EAAE,QAAQ,EAAE,SAAS,EAAE,IAAI,CAAC,CAAC;IACnE,CAAC,CAAC,CAAC;IACH,oJAAoJ;IACpJ,GAAG,CAAC,GAAG,CAAC,UAAU,EAEd,SAAS,gCAAgC,CAAC,OAAY,EAAE,QAAa,EAAE,IAAS;QAChF,MAAM,IAAI,GAAG;YACL,IAAI,EAAE,EAAC,IAAI,EAAC,OAAO,EAAC,MAAM,EAAC,MAAM,EAAC,UAAU,EAAC,QAAQ,EAAC;SAC7D,CAAC;QAEF,oJAAoJ;QAEpJ,IAAI,aAAa,GAAU,EAAE,CAAC;QAC9B,IAAI;YACA,aAAa,GAAG,gBAAgB,CAAC,IAAI,EAAE,OAAO,EAAE,QAAQ,CAAC,CAAC;SAC7D;QAAC,OAAO,GAAG,EAAE;YACV,OAAO,IAAI,CAAC,GAAG,CAAC,CAAC;SACpB;QAED,MAAM,UAAU,GAAG,IAAI,qCAAiB,EAAE,CAAC;QAG3C,MAAM,OAAO,GAAG,UAAU,CAAC,cAAc,CAAC,KAAK,CAAC,UAAU,EAAE,aAAoB,CAAC,CAAC;QAClF,cAAc,CAAC,UAAU,EAAE,OAAO,EAAE,QAAQ,EAAE,SAAS,EAAE,IAAI,CAAC,CAAC;IACnE,CAAC,CAAC,CAAC;IACH,oJAAoJ;IACpJ,GAAG,CAAC,GAAG,CAAC,eAAe,EAEnB,SAAS,8BAA8B,CAAC,OAAY,EAAE,QAAa,EAAE,IAAS;QAC9E,MAAM,IAAI,GAAG;YACL,EAAE,EAAE,EAAC,IAAI,EAAC,MAAM,EAAC,MAAM,EAAC,IAAI,EAAC,UAAU,EAAC,IAAI,EAAC,UAAU,EAAC,QAAQ,EAAC;SACxE,CAAC;QAEF,oJAAoJ;QAEpJ,IAAI,aAAa,GAAU,EAAE,CAAC;QAC9B,IAAI;YACA,aAAa,GAAG,gBAAgB,CAAC,IAAI,EAAE,OAAO,EAAE,QAAQ,CAAC,CAAC;SAC7D;QAAC,OAAO,GAAG,EAAE;YACV,OAAO,IAAI,CAAC,GAAG,CAAC,CAAC;SACpB;QAED,MAAM,UAAU,GAAG,IAAI,uCAAkB,EAAE,CAAC;QAG5C,MAAM,OAAO,GAAG,UAAU,CAAC,WAAW,CAAC,KAAK,CAAC,UAAU,EAAE,aAAoB,CAAC,CAAC;QAC/E,cAAc,CAAC,UAAU,EAAE,OAAO,EAAE,QAAQ,EAAE,SAAS,EAAE,IAAI,CAAC,CAAC;IACnE,CAAC,CAAC,CAAC;IACH,oJAAoJ;IACpJ,GAAG,CAAC,IAAI,CAAC,kBAAkB,EAEvB,SAAS,iCAAiC,CAAC,OAAY,EAAE,QAAa,EAAE,IAAS;QACjF,MAAM,IAAI,GAAG;YACL,IAAI,EAAE,EAAC,IAAI,EAAC,MAAM,EAAC,MAAM,EAAC,MAAM,EAAC,UAAU,EAAC,IAAI,EAAC,KAAK,EAAC,4BAA4B,EAAC;SAC3F,CAAC;QAEF,oJAAoJ;QAEpJ,IAAI,aAAa,GAAU,EAAE,CAAC;QAC9B,IAAI;YACA,aAAa,GAAG,gBAAgB,CAAC,IAAI,EAAE,OAAO,EAAE,QAAQ,CAAC,CAAC;SAC7D;QAAC,OAAO,GAAG,EAAE;YACV,OAAO,IAAI,CAAC,GAAG,CAAC,CAAC;SACpB;QAED,MAAM,UAAU,GAAG,IAAI,uCAAkB,EAAE,CAAC;QAG5C,MAAM,OAAO,GAAG,UAAU,CAAC,cAAc,CAAC,KAAK,CAAC,UAAU,EAAE,aAAoB,CAAC,CAAC;QAClF,cAAc,CAAC,UAAU,EAAE,OAAO,EAAE,QAAQ,EAAE,SAAS,EAAE,IAAI,CAAC,CAAC;IACnE,CAAC,CAAC,CAAC;IACH,oJAAoJ;IACpJ,GAAG,CAAC,IAAI,CAAC,OAAO,EAEZ,SAAS,yBAAyB,CAAC,OAAY,EAAE,QAAa,EAAE,IAAS;QACzE,MAAM,IAAI,GAAG;YACL,IAAI,EAAE,EAAC,IAAI,EAAC,MAAM,EAAC,MAAM,EAAC,MAAM,EAAC,UAAU,EAAC,IAAI,EAAC,KAAK,EAAC,wBAAwB,EAAC;SACvF,CAAC;QAEF,oJAAoJ;QAEpJ,IAAI,aAAa,GAAU,EAAE,CAAC;QAC9B,IAAI;YACA,aAAa,GAAG,gBAAgB,CAAC,IAAI,EAAE,OAAO,EAAE,QAAQ,CAAC,CAAC;SAC7D;QAAC,OAAO,GAAG,EAAE;YACV,OAAO,IAAI,CAAC,GAAG,CAAC,CAAC;SACpB;QAED,MAAM,UAAU,GAAG,IAAI,+BAAc,EAAE,CAAC;QAGxC,MAAM,OAAO,GAAG,UAAU,CAAC,UAAU,CAAC,KAAK,CAAC,UAAU,EAAE,aAAoB,CAAC,CAAC;QAC9E,cAAc,CAAC,UAAU,EAAE,OAAO,EAAE,QAAQ,EAAE,SAAS,EAAE,IAAI,CAAC,CAAC;IACnE,CAAC,CAAC,CAAC;IACH,oJAAoJ;IACpJ,GAAG,CAAC,GAAG,CAAC,gBAAgB,EAEpB,SAAS,8BAA8B,CAAC,OAAY,EAAE,QAAa,EAAE,IAAS;QAC9E,MAAM,IAAI,GAAG;YACL,MAAM,EAAE,EAAC,IAAI,EAAC,OAAO,EAAC,MAAM,EAAC,QAAQ,EAAC,UAAU,EAAC,IAAI,EAAC,UAAU,EAAC,QAAQ,EAAC;SACjF,CAAC;QAEF,oJAAoJ;QAEpJ,IAAI,aAAa,GAAU,EAAE,CAAC;QAC9B,IAAI;YACA,aAAa,GAAG,gBAAgB,CAAC,IAAI,EAAE,OAAO,EAAE,QAAQ,CAAC,CAAC;SAC7D;QAAC,OAAO,GAAG,EAAE;YACV,OAAO,IAAI,CAAC,GAAG,CAAC,CAAC;SACpB;QAED,MAAM,UAAU,GAAG,IAAI,+BAAc,EAAE,CAAC;QAGxC,MAAM,OAAO,GAAG,UAAU,CAAC,eAAe,CAAC,KAAK,CAAC,UAAU,EAAE,aAAoB,CAAC,CAAC;QACnF,cAAc,CAAC,UAAU,EAAE,OAAO,EAAE,QAAQ,EAAE,SAAS,EAAE,IAAI,CAAC,CAAC;IACnE,CAAC,CAAC,CAAC;IACH,oJAAoJ;IAExJ,oJAAoJ;IAGpJ,oJAAoJ;IAEpJ,SAAS,YAAY,CAAC,MAAW;QAC7B,OAAO,YAAY,IAAI,MAAM,IAAI,WAAW,IAAI,MAAM,IAAI,WAAW,IAAI,MAAM,CAAC;IACpF,CAAC;IAED,SAAS,cAAc,CAAC,aAAkB,EAAE,OAAY,EAAE,QAAa,EAAE,aAAkB,EAAE,IAAS;QAClG,OAAO,OAAO,CAAC,OAAO,CAAC,OAAO,CAAC;aAC1B,IAAI,CAAC,CAAC,IAAS,EAAE,EAAE;YAChB,IAAI,UAAU,GAAG,aAAa,CAAC;YAC/B,IAAI,OAAO,CAAC;YACZ,IAAI,YAAY,CAAC,aAAa,CAAC,EAAE;gBAC7B,OAAO,GAAG,aAAa,CAAC,UAAU,EAAE,CAAC;gBACrC,UAAU,GAAG,aAAa,CAAC,SAAS,EAAE,IAAI,UAAU,CAAC;aACxD;YAED,oJAAoJ;YAEpJ,aAAa,CAAC,QAAQ,EAAE,UAAU,EAAE,IAAI,EAAE,OAAO,CAAC,CAAA;QACtD,CAAC,CAAC;aACD,KAAK,CAAC,CAAC,KAAU,EAAE,EAAE,CAAC,IAAI,CAAC,KAAK,CAAC,CAAC,CAAC;IAC5C,CAAC;IAED,oJAAoJ;IAEpJ,SAAS,aAAa,CAAC,QAAa,EAAE,UAAmB,EAAE,IAAU,EAAE,UAAe,EAAE;QACpF,IAAI,QAAQ,CAAC,WAAW,EAAE;YACtB,OAAO;SACV;QACD,MAAM,CAAC,IAAI,CAAC,OAAO,CAAC,CAAC,OAAO,CAAC,CAAC,IAAY,EAAE,EAAE;YAC1C,QAAQ,CAAC,GAAG,CAAC,IAAI,EAAE,OAAO,CAAC,IAAI,CAAC,CAAC,CAAC;QACtC,CAAC,CAAC,CAAC;QACH,IAAI,IAAI,IAAI,OAAO,IAAI,CAAC,IAAI,KAAK,UAAU,IAAI,IAAI,CAAC,QAAQ,IAAI,OAAO,IAAI,CAAC,KAAK,KAAK,UAAU,EAAE;YAC9F,IAAI,CAAC,IAAI,CAAC,QAAQ,CAAC,CAAC;SACvB;aAAM,IAAI,IAAI,KAAK,IAAI,IAAI,IAAI,KAAK,SAAS,EAAE;YAC5C,QAAQ,CAAC,MAAM,CAAC,UAAU,IAAI,GAAG,CAAC,CAAC,IAAI,CAAC,IAAI,CAAC,CAAC;SACjD;aAAM;YACH,QAAQ,CAAC,MAAM,CAAC,UAAU,IAAI,GAAG,CAAC,CAAC,GAAG,EAAE,CAAC;SAC5C;IACL,CAAC;IAED,oJAAoJ;IAEpJ,SAAS,SAAS,CAAC,QAAa;QAC5B,OAAO,UAAS,MAAM,EAAE,IAAI,EAAE,OAAO;YACjC,aAAa,CAAC,QAAQ,EAAE,MAAM,EAAE,IAAI,EAAE,OAAO,CAAC,CAAC;QACnD,CAAC,CAAC;IACN,CAAC;IAAA,CAAC;IAEF,oJAAoJ;IAEpJ,SAAS,gBAAgB,CAAC,IAAS,EAAE,OAAY,EAAE,QAAa;QAC5D,MAAM,WAAW,GAAiB,EAAE,CAAC;QACrC,MAAM,MAAM,GAAG,MAAM,CAAC,IAAI,CAAC,IAAI,CAAC,CAAC,GAAG,CAAC,CAAC,GAAG,EAAE,EAAE;YACzC,MAAM,IAAI,GAAG,IAAI,CAAC,GAAG,CAAC,CAAC,IAAI,CAAC;YAC5B,QAAQ,IAAI,CAAC,GAAG,CAAC,CAAC,EAAE,EAAE;gBAClB,KAAK,SAAS;oBACV,OAAO,OAAO,CAAC;gBACnB,KAAK,OAAO;oBACR,OAAO,iBAAiB,CAAC,aAAa,CAAC,IAAI,CAAC,GAAG,CAAC,EAAE,OAAO,CAAC,KAAK,CAAC,IAAI,CAAC,EAAE,IAAI,EAAE,WAAW,EAAE,SAAS,EAAE,EAAC,gCAAgC,EAAC,iBAAiB,EAAC,CAAC,CAAC;gBAC/J,KAAK,MAAM;oBACP,OAAO,iBAAiB,CAAC,aAAa,CAAC,IAAI,CAAC,GAAG,CAAC,EAAE,OAAO,CAAC,MAAM,CAAC,IAAI,CAAC,EAAE,IAAI,EAAE,WAAW,EAAE,SAAS,EAAE,EAAC,gCAAgC,EAAC,iBAAiB,EAAC,CAAC,CAAC;gBAChK,KAAK,QAAQ;oBACT,OAAO,iBAAiB,CAAC,aAAa,CAAC,IAAI,CAAC,GAAG,CAAC,EAAE,OAAO,CAAC,MAAM,CAAC,IAAI,CAAC,EAAE,IAAI,EAAE,WAAW,EAAE,SAAS,EAAE,EAAC,gCAAgC,EAAC,iBAAiB,EAAC,CAAC,CAAC;gBAChK,KAAK,MAAM;oBACP,OAAO,iBAAiB,CAAC,aAAa,CAAC,IAAI,CAAC,GAAG,CAAC,EAAE,OAAO,CAAC,IAAI,EAAE,IAAI,EAAE,WAAW,EAAE,SAAS,EAAE,EAAC,gCAAgC,EAAC,iBAAiB,EAAC,CAAC,CAAC;gBACxJ,KAAK,WAAW;oBACZ,OAAO,iBAAiB,CAAC,aAAa,CAAC,IAAI,CAAC,GAAG,CAAC,EAAE,OAAO,CAAC,IAAI,CAAC,IAAI,CAAC,EAAE,IAAI,EAAE,WAAW,EAAE,OAAO,EAAE,EAAC,gCAAgC,EAAC,iBAAiB,EAAC,CAAC,CAAC;gBAC5J,KAAK,UAAU;oBACX,IAAI,IAAI,CAAC,GAAG,CAAC,CAAC,QAAQ,KAAK,MAAM,EAAE;wBAC/B,OAAO,iBAAiB,CAAC,aAAa,CAAC,IAAI,CAAC,GAAG,CAAC,EAAE,OAAO,CAAC,IAAI,EAAE,IAAI,EAAE,WAAW,EAAE,SAAS,EAAE,EAAC,gCAAgC,EAAC,iBAAiB,EAAC,CAAC,CAAC;qBACvJ;yBAAM,IAAI,IAAI,CAAC,GAAG,CAAC,CAAC,QAAQ,KAAK,OAAO,IAAI,IAAI,CAAC,GAAG,CAAC,CAAC,KAAK,CAAC,QAAQ,KAAK,MAAM,EAAE;wBAC9E,OAAO,iBAAiB,CAAC,aAAa,CAAC,IAAI,CAAC,GAAG,CAAC,EAAE,OAAO,CAAC,KAAK,EAAE,IAAI,EAAE,WAAW,EAAE,SAAS,EAAE,EAAC,gCAAgC,EAAC,iBAAiB,EAAC,CAAC,CAAC;qBACxJ;yBAAM;wBACH,OAAO,iBAAiB,CAAC,aAAa,CAAC,IAAI,CAAC,GAAG,CAAC,EAAE,OAAO,CAAC,IAAI,CAAC,IAAI,CAAC,EAAE,IAAI,EAAE,WAAW,EAAE,SAAS,EAAE,EAAC,gCAAgC,EAAC,iBAAiB,EAAC,CAAC,CAAC;qBAC7J;gBACL,KAAK,KAAK;oBACN,OAAO,SAAS,CAAC,QAAQ,CAAC,CAAC;aAClC;QACL,CAAC,CAAC,CAAC;QAEH,IAAI,MAAM,CAAC,IAAI,CAAC,WAAW,CAAC,CAAC,MAAM,GAAG,CAAC,EAAE;YACrC,MAAM,IAAI,uBAAa,CAAC,WAAW,EAAE,EAAE,CAAC,CAAC;SAC5C;QACD,OAAO,MAAM,CAAC;IAClB,CAAC;IAED,oJAAoJ;AACxJ,CAAC;AA5YD,wCA4YC;AAED,oJAAoJ","sourcesContent":["/* tslint:disable */\n/* eslint-disable */\n// WARNING: This file was auto-generated with tsoa. Please do not modify it. Re-run tsoa to re-generate this file: https://github.com/lukeautry/tsoa\nimport { Controller, ValidationService, FieldErrors, ValidateError, TsoaRoute, HttpStatusCodeLiteral, TsoaResponse } from '@tsoa/runtime';\n// WARNING: This file was auto-generated with tsoa. Please do not modify it. Re-run tsoa to re-generate this file: https://github.com/lukeautry/tsoa\nimport { AdminController } from './../controllers/AdminController';\n// WARNING: This file was auto-generated with tsoa. Please do not modify it. Re-run tsoa to re-generate this file: https://github.com/lukeautry/tsoa\nimport { CheckInOutController } from './../controllers/CheckInOutController';\n// WARNING: This file was auto-generated with tsoa. Please do not modify it. Re-run tsoa to re-generate this file: https://github.com/lukeautry/tsoa\nimport { ProjectController } from './../controllers/ProjectController';\n// WARNING: This file was auto-generated with tsoa. Please do not modify it. Re-run tsoa to re-generate this file: https://github.com/lukeautry/tsoa\nimport { ResourceController } from './../controllers/ResourceController';\n// WARNING: This file was auto-generated with tsoa. Please do not modify it. Re-run tsoa to re-generate this file: https://github.com/lukeautry/tsoa\nimport { UserController } from './../controllers/UserController';\nimport { expressAuthentication } from './../index';\n// @ts-ignore - no great way to install types from subpackage\nconst promiseAny = require('promise.any');\nimport * as express from 'express';\n\n// WARNING: This file was auto-generated with tsoa. Please do not modify it. Re-run tsoa to re-generate this file: https://github.com/lukeautry/tsoa\n\nconst models: TsoaRoute.Models = {\n    \"ProjectInterface\": {\n        \"dataType\": \"refObject\",\n        \"properties\": {\n            \"projectId\": {\"dataType\":\"string\",\"required\":true},\n            \"name\": {\"dataType\":\"string\",\"required\":true},\n            \"description\": {\"dataType\":\"string\",\"required\":true},\n            \"usersJoined\": {\"dataType\":\"array\",\"array\":{\"dataType\":\"string\"},\"required\":true},\n            \"admin\": {\"dataType\":\"string\",\"required\":true},\n            \"resources\": {\"dataType\":\"nestedObjectLiteral\",\"nestedProperties\":{},\"additionalProperties\":{\"dataType\":\"nestedObjectLiteral\",\"nestedProperties\":{\"usersCheckedOut\":{\"dataType\":\"array\",\"array\":{\"dataType\":\"nestedObjectLiteral\",\"nestedProperties\":{\"checkedOutBy\":{\"dataType\":\"string\",\"required\":true},\"amount\":{\"dataType\":\"double\",\"required\":true}}},\"required\":true},\"totalResources\":{\"dataType\":\"double\",\"required\":true}}},\"required\":true},\n            \"currentResources\": {\"dataType\":\"double\",\"required\":true},\n            \"transactions\": {\"dataType\":\"array\",\"array\":{\"dataType\":\"nestedObjectLiteral\",\"nestedProperties\":{\"userId\":{\"dataType\":\"string\",\"required\":true},\"hwSetName\":{\"dataType\":\"string\",\"required\":true},\"hwSetId\":{\"dataType\":\"string\",\"required\":true},\"amount\":{\"dataType\":\"double\",\"required\":true},\"action\":{\"dataType\":\"union\",\"subSchemas\":[{\"dataType\":\"enum\",\"enums\":[\"checkin\"]},{\"dataType\":\"enum\",\"enums\":[\"checkout\"]}],\"required\":true}}},\"required\":true},\n        },\n        \"additionalProperties\": false,\n    },\n    // WARNING: This file was auto-generated with tsoa. Please do not modify it. Re-run tsoa to re-generate this file: https://github.com/lukeautry/tsoa\n    \"ResourceInterface\": {\n        \"dataType\": \"refObject\",\n        \"properties\": {\n            \"hwSetId\": {\"dataType\":\"string\",\"required\":true},\n            \"hwSetName\": {\"dataType\":\"string\",\"required\":true},\n            \"capacity\": {\"dataType\":\"double\",\"required\":true},\n            \"availablity\": {\"dataType\":\"double\",\"required\":true},\n            \"transactions\": {\"dataType\":\"array\",\"array\":{\"dataType\":\"nestedObjectLiteral\",\"nestedProperties\":{\"projectId\":{\"dataType\":\"string\",\"required\":true},\"userId\":{\"dataType\":\"string\",\"required\":true},\"amount\":{\"dataType\":\"double\",\"required\":true},\"action\":{\"dataType\":\"union\",\"subSchemas\":[{\"dataType\":\"enum\",\"enums\":[\"checkin\"]},{\"dataType\":\"enum\",\"enums\":[\"checkout\"]}],\"required\":true}}},\"required\":true},\n        },\n        \"additionalProperties\": false,\n    },\n    // WARNING: This file was auto-generated with tsoa. Please do not modify it. Re-run tsoa to re-generate this file: https://github.com/lukeautry/tsoa\n    \"Partial_ResourceInterface_\": {\n        \"dataType\": \"refAlias\",\n        \"type\": {\"dataType\":\"nestedObjectLiteral\",\"nestedProperties\":{\"hwSetId\":{\"dataType\":\"string\"},\"hwSetName\":{\"dataType\":\"string\"},\"capacity\":{\"dataType\":\"double\"},\"availablity\":{\"dataType\":\"double\"},\"transactions\":{\"dataType\":\"array\",\"array\":{\"dataType\":\"nestedObjectLiteral\",\"nestedProperties\":{\"projectId\":{\"dataType\":\"string\",\"required\":true},\"userId\":{\"dataType\":\"string\",\"required\":true},\"amount\":{\"dataType\":\"double\",\"required\":true},\"action\":{\"dataType\":\"union\",\"subSchemas\":[{\"dataType\":\"enum\",\"enums\":[\"checkin\"]},{\"dataType\":\"enum\",\"enums\":[\"checkout\"]}],\"required\":true}}}}},\"validators\":{}},\n    },\n    // WARNING: This file was auto-generated with tsoa. Please do not modify it. Re-run tsoa to re-generate this file: https://github.com/lukeautry/tsoa\n    \"Partial_UserInterface_\": {\n        \"dataType\": \"refAlias\",\n        \"type\": {\"dataType\":\"nestedObjectLiteral\",\"nestedProperties\":{\"userId\":{\"dataType\":\"string\"},\"username\":{\"dataType\":\"string\"},\"password\":{\"dataType\":\"string\"},\"projectsJoined\":{\"dataType\":\"array\",\"array\":{\"dataType\":\"nestedObjectLiteral\",\"nestedProperties\":{\"role\":{\"dataType\":\"union\",\"subSchemas\":[{\"dataType\":\"enum\",\"enums\":[\"admin\"]},{\"dataType\":\"enum\",\"enums\":[\"member\"]}],\"required\":true},\"projectId\":{\"dataType\":\"string\",\"required\":true}}}},\"transactions\":{\"dataType\":\"array\",\"array\":{\"dataType\":\"nestedObjectLiteral\",\"nestedProperties\":{\"projectId\":{\"dataType\":\"string\",\"required\":true},\"hwSetName\":{\"dataType\":\"string\",\"required\":true},\"hwSetId\":{\"dataType\":\"string\",\"required\":true},\"amount\":{\"dataType\":\"double\",\"required\":true},\"action\":{\"dataType\":\"union\",\"subSchemas\":[{\"dataType\":\"enum\",\"enums\":[\"checkin\"]},{\"dataType\":\"enum\",\"enums\":[\"checkout\"]}],\"required\":true}}}}},\"validators\":{}},\n    },\n    // WARNING: This file was auto-generated with tsoa. Please do not modify it. Re-run tsoa to re-generate this file: https://github.com/lukeautry/tsoa\n};\nconst validationService = new ValidationService(models);\n\n// WARNING: This file was auto-generated with tsoa. Please do not modify it. Re-run tsoa to re-generate this file: https://github.com/lukeautry/tsoa\n\nexport function RegisterRoutes(app: express.Router) {\n    // ###########################################################################################################\n    //  NOTE: If you do not see routes for all of your controllers in this file, then you might not have informed tsoa of where to look\n    //      Please look into the \"controllerPathGlobs\" config option described in the readme: https://github.com/lukeautry/tsoa\n    // ###########################################################################################################\n        app.post('/signup',\n\n            function AdminController_signup(request: any, response: any, next: any) {\n            const args = {\n                    body: {\"in\":\"body\",\"name\":\"body\",\"required\":true,\"dataType\":\"nestedObjectLiteral\",\"nestedProperties\":{\"password\":{\"dataType\":\"string\",\"required\":true},\"username\":{\"dataType\":\"string\",\"required\":true}}},\n            };\n\n            // WARNING: This file was auto-generated with tsoa. Please do not modify it. Re-run tsoa to re-generate this file: https://github.com/lukeautry/tsoa\n\n            let validatedArgs: any[] = [];\n            try {\n                validatedArgs = getValidatedArgs(args, request, response);\n            } catch (err) {\n                return next(err);\n            }\n\n            const controller = new AdminController();\n\n\n            const promise = controller.signup.apply(controller, validatedArgs as any);\n            promiseHandler(controller, promise, response, undefined, next);\n        });\n        // WARNING: This file was auto-generated with tsoa. Please do not modify it. Re-run tsoa to re-generate this file: https://github.com/lukeautry/tsoa\n        app.post('/signin',\n\n            function AdminController_signin(request: any, response: any, next: any) {\n            const args = {\n                    body: {\"in\":\"body\",\"name\":\"body\",\"required\":true,\"dataType\":\"nestedObjectLiteral\",\"nestedProperties\":{\"password\":{\"dataType\":\"string\",\"required\":true},\"username\":{\"dataType\":\"string\",\"required\":true}}},\n            };\n\n            // WARNING: This file was auto-generated with tsoa. Please do not modify it. Re-run tsoa to re-generate this file: https://github.com/lukeautry/tsoa\n\n            let validatedArgs: any[] = [];\n            try {\n                validatedArgs = getValidatedArgs(args, request, response);\n            } catch (err) {\n                return next(err);\n            }\n\n            const controller = new AdminController();\n\n\n            const promise = controller.signin.apply(controller, validatedArgs as any);\n            promiseHandler(controller, promise, response, undefined, next);\n        });\n        // WARNING: This file was auto-generated with tsoa. Please do not modify it. Re-run tsoa to re-generate this file: https://github.com/lukeautry/tsoa\n        app.post('/reset',\n\n            function AdminController_reset(request: any, response: any, next: any) {\n            const args = {\n                    body: {\"in\":\"body\",\"name\":\"body\",\"required\":true,\"dataType\":\"nestedObjectLiteral\",\"nestedProperties\":{\"repassword\":{\"dataType\":\"string\",\"required\":true},\"password\":{\"dataType\":\"string\",\"required\":true},\"username\":{\"dataType\":\"string\",\"required\":true}}},\n            };\n\n            // WARNING: This file was auto-generated with tsoa. Please do not modify it. Re-run tsoa to re-generate this file: https://github.com/lukeautry/tsoa\n\n            let validatedArgs: any[] = [];\n            try {\n                validatedArgs = getValidatedArgs(args, request, response);\n            } catch (err) {\n                return next(err);\n            }\n\n            const controller = new AdminController();\n\n\n            const promise = controller.reset.apply(controller, validatedArgs as any);\n            promiseHandler(controller, promise, response, undefined, next);\n        });\n        // WARNING: This file was auto-generated with tsoa. Please do not modify it. Re-run tsoa to re-generate this file: https://github.com/lukeautry/tsoa\n        app.post('/checkinout/checkout',\n\n            function CheckInOutController_checkoutResource(request: any, response: any, next: any) {\n            const args = {\n                    body: {\"in\":\"body\",\"name\":\"body\",\"required\":true,\"dataType\":\"nestedObjectLiteral\",\"nestedProperties\":{\"projectId\":{\"dataType\":\"string\",\"required\":true},\"userId\":{\"dataType\":\"string\",\"required\":true},\"amount\":{\"dataType\":\"double\",\"required\":true},\"hwSetId\":{\"dataType\":\"string\",\"required\":true}}},\n            };\n\n            // WARNING: This file was auto-generated with tsoa. Please do not modify it. Re-run tsoa to re-generate this file: https://github.com/lukeautry/tsoa\n\n            let validatedArgs: any[] = [];\n            try {\n                validatedArgs = getValidatedArgs(args, request, response);\n            } catch (err) {\n                return next(err);\n            }\n\n            const controller = new CheckInOutController();\n\n\n            const promise = controller.checkoutResource.apply(controller, validatedArgs as any);\n            promiseHandler(controller, promise, response, undefined, next);\n        });\n        // WARNING: This file was auto-generated with tsoa. Please do not modify it. Re-run tsoa to re-generate this file: https://github.com/lukeautry/tsoa\n        app.post('/checkinout/checkin',\n\n            function CheckInOutController_checkinResource(request: any, response: any, next: any) {\n            const args = {\n                    body: {\"in\":\"body\",\"name\":\"body\",\"required\":true,\"dataType\":\"nestedObjectLiteral\",\"nestedProperties\":{\"projectId\":{\"dataType\":\"string\",\"required\":true},\"userId\":{\"dataType\":\"string\",\"required\":true},\"amount\":{\"dataType\":\"double\",\"required\":true},\"hwSetId\":{\"dataType\":\"string\",\"required\":true}}},\n            };\n\n            // WARNING: This file was auto-generated with tsoa. Please do not modify it. Re-run tsoa to re-generate this file: https://github.com/lukeautry/tsoa\n\n            let validatedArgs: any[] = [];\n            try {\n                validatedArgs = getValidatedArgs(args, request, response);\n            } catch (err) {\n                return next(err);\n            }\n\n            const controller = new CheckInOutController();\n\n\n            const promise = controller.checkinResource.apply(controller, validatedArgs as any);\n            promiseHandler(controller, promise, response, undefined, next);\n        });\n        // WARNING: This file was auto-generated with tsoa. Please do not modify it. Re-run tsoa to re-generate this file: https://github.com/lukeautry/tsoa\n        app.post('/project/create',\n\n            function ProjectController_createProject(request: any, response: any, next: any) {\n            const args = {\n                    body: {\"in\":\"body\",\"name\":\"body\",\"required\":true,\"dataType\":\"nestedObjectLiteral\",\"nestedProperties\":{\"userId\":{\"dataType\":\"string\",\"required\":true},\"description\":{\"dataType\":\"string\",\"required\":true},\"name\":{\"dataType\":\"string\",\"required\":true}}},\n            };\n\n            // WARNING: This file was auto-generated with tsoa. Please do not modify it. Re-run tsoa to re-generate this file: https://github.com/lukeautry/tsoa\n\n            let validatedArgs: any[] = [];\n            try {\n                validatedArgs = getValidatedArgs(args, request, response);\n            } catch (err) {\n                return next(err);\n            }\n\n            const controller = new ProjectController();\n\n\n            const promise = controller.createProject.apply(controller, validatedArgs as any);\n            promiseHandler(controller, promise, response, undefined, next);\n        });\n        // WARNING: This file was auto-generated with tsoa. Please do not modify it. Re-run tsoa to re-generate this file: https://github.com/lukeautry/tsoa\n        app.get('/project/:id',\n\n            function ProjectController_getProject(request: any, response: any, next: any) {\n            const args = {\n                    id: {\"in\":\"path\",\"name\":\"id\",\"required\":true,\"dataType\":\"string\"},\n            };\n\n            // WARNING: This file was auto-generated with tsoa. Please do not modify it. Re-run tsoa to re-generate this file: https://github.com/lukeautry/tsoa\n\n            let validatedArgs: any[] = [];\n            try {\n                validatedArgs = getValidatedArgs(args, request, response);\n            } catch (err) {\n                return next(err);\n            }\n\n            const controller = new ProjectController();\n\n\n            const promise = controller.getProject.apply(controller, validatedArgs as any);\n            promiseHandler(controller, promise, response, undefined, next);\n        });\n        // WARNING: This file was auto-generated with tsoa. Please do not modify it. Re-run tsoa to re-generate this file: https://github.com/lukeautry/tsoa\n        app.post('/project/addUser',\n\n            function ProjectController_addUserToProject(request: any, response: any, next: any) {\n            const args = {\n                    body: {\"in\":\"body\",\"name\":\"body\",\"required\":true,\"dataType\":\"nestedObjectLiteral\",\"nestedProperties\":{\"projectId\":{\"dataType\":\"string\",\"required\":true},\"userId\":{\"dataType\":\"string\",\"required\":true}}},\n            };\n\n            // WARNING: This file was auto-generated with tsoa. Please do not modify it. Re-run tsoa to re-generate this file: https://github.com/lukeautry/tsoa\n\n            let validatedArgs: any[] = [];\n            try {\n                validatedArgs = getValidatedArgs(args, request, response);\n            } catch (err) {\n                return next(err);\n            }\n\n            const controller = new ProjectController();\n\n\n            const promise = controller.addUserToProject.apply(controller, validatedArgs as any);\n            promiseHandler(controller, promise, response, undefined, next);\n        });\n        // WARNING: This file was auto-generated with tsoa. Please do not modify it. Re-run tsoa to re-generate this file: https://github.com/lukeautry/tsoa\n        app.get('/project',\n\n            function ProjectController_getAllProjects(request: any, response: any, next: any) {\n            const args = {\n                    name: {\"in\":\"query\",\"name\":\"name\",\"dataType\":\"string\"},\n            };\n\n            // WARNING: This file was auto-generated with tsoa. Please do not modify it. Re-run tsoa to re-generate this file: https://github.com/lukeautry/tsoa\n\n            let validatedArgs: any[] = [];\n            try {\n                validatedArgs = getValidatedArgs(args, request, response);\n            } catch (err) {\n                return next(err);\n            }\n\n            const controller = new ProjectController();\n\n\n            const promise = controller.getAllProjects.apply(controller, validatedArgs as any);\n            promiseHandler(controller, promise, response, undefined, next);\n        });\n        // WARNING: This file was auto-generated with tsoa. Please do not modify it. Re-run tsoa to re-generate this file: https://github.com/lukeautry/tsoa\n        app.get('/resource/:id',\n\n            function ResourceController_getResource(request: any, response: any, next: any) {\n            const args = {\n                    id: {\"in\":\"path\",\"name\":\"id\",\"required\":true,\"dataType\":\"string\"},\n            };\n\n            // WARNING: This file was auto-generated with tsoa. Please do not modify it. Re-run tsoa to re-generate this file: https://github.com/lukeautry/tsoa\n\n            let validatedArgs: any[] = [];\n            try {\n                validatedArgs = getValidatedArgs(args, request, response);\n            } catch (err) {\n                return next(err);\n            }\n\n            const controller = new ResourceController();\n\n\n            const promise = controller.getResource.apply(controller, validatedArgs as any);\n            promiseHandler(controller, promise, response, undefined, next);\n        });\n        // WARNING: This file was auto-generated with tsoa. Please do not modify it. Re-run tsoa to re-generate this file: https://github.com/lukeautry/tsoa\n        app.post('/resource/create',\n\n            function ResourceController_createResource(request: any, response: any, next: any) {\n            const args = {\n                    body: {\"in\":\"body\",\"name\":\"body\",\"required\":true,\"ref\":\"Partial_ResourceInterface_\"},\n            };\n\n            // WARNING: This file was auto-generated with tsoa. Please do not modify it. Re-run tsoa to re-generate this file: https://github.com/lukeautry/tsoa\n\n            let validatedArgs: any[] = [];\n            try {\n                validatedArgs = getValidatedArgs(args, request, response);\n            } catch (err) {\n                return next(err);\n            }\n\n            const controller = new ResourceController();\n\n\n            const promise = controller.createResource.apply(controller, validatedArgs as any);\n            promiseHandler(controller, promise, response, undefined, next);\n        });\n        // WARNING: This file was auto-generated with tsoa. Please do not modify it. Re-run tsoa to re-generate this file: https://github.com/lukeautry/tsoa\n        app.post('/user',\n\n            function UserController_updateUser(request: any, response: any, next: any) {\n            const args = {\n                    body: {\"in\":\"body\",\"name\":\"body\",\"required\":true,\"ref\":\"Partial_UserInterface_\"},\n            };\n\n            // WARNING: This file was auto-gene
[...]
"16":{"start":{"line":13,"column":22},"end":{"line":15,"column":1}},"17":{"start":{"line":14,"column":4},"end":{"line":14,"column":62}},"18":{"start":{"line":16,"column":0},"end":{"line":16,"column":62}},"19":{"start":{"line":17,"column":0},"end":{"line":17,"column":36}},"20":{"start":{"line":18,"column":35},"end":{"line":18,"column":100}},"21":{"start":{"line":19,"column":24},"end":{"line":19,"column":75}},"22":{"start":{"line":20,"column":15},"end":{"line":20,"column":30}},"23":{"start":{"line":21,"column":25},"end":{"line":30,"column":1}},"24":{"start":{"line":23,"column":8},"end":{"line":23,"column":70}},"25":{"start":{"line":26,"column":20},"end":{"line":26,"column":53}},"26":{"start":{"line":27,"column":8},"end":{"line":27,"column":25}},"27":{"start":{"line":28,"column":8},"end":{"line":28,"column":20}},"28":{"start":{"line":31,"column":0},"end":{"line":36,"column":54}},"29":{"start":{"line":37,"column":0},"end":{"line":43,"column":57}},"30":{"start":{"line":44,"column":0},"end":{"line":46,"column":23}},"31":{"start":{"line":47,"column":0},"end":{"line":47,"column":48}}},"fnMap":{"0":{"name":"(anonymous_0)","decl":{"start":{"line":1,"column":46},"end":{"line":1,"column":47}},"loc":{"start":{"line":1,"column":87},"end":{"line":6,"column":1}},"line":1},"1":{"name":"(anonymous_1)","decl":{"start":{"line":7,"column":46},"end":{"line":7,"column":47}},"loc":{"start":{"line":7,"column":62},"end":{"line":9,"column":1}},"line":7},"2":{"name":"(anonymous_2)","decl":{"start":{"line":10,"column":40},"end":{"line":10,"column":41}},"loc":{"start":{"line":10,"column":73},"end":{"line":12,"column":1}},"line":10},"3":{"name":"(anonymous_3)","decl":{"start":{"line":11,"column":11},"end":{"line":11,"column":12}},"loc":{"start":{"line":11,"column":34},"end":{"line":11,"column":73}},"line":11},"4":{"name":"(anonymous_4)","decl":{"start":{"line":13,"column":56},"end":{"line":13,"column":57}},"loc":{"start":{"line":13,"column":71},"end":{"line":15,"column":1}},"line":13},"5":{"name":"(anonymous_5)","decl":{"start":{"line":22,"column":4},"end":{"line":22,"column":5}},"loc":{"start":{"line":22,"column":26},"end":{"line":24,"column":5}},"line":22},"6":{"name":"(anonymous_6)","decl":{"start":{"line":25,"column":4},"end":{"line":25,"column":5}},"loc":{"start":{"line":25,"column":31},"end":{"line":29,"column":5}},"line":25}},"branchMap":{"0":{"loc":{"start":{"line":1,"column":17},"end":{"line":6,"column":1}},"type":"binary-expr","locations":[{"start":{"line":1,"column":18},"end":{"line":1,"column":22}},{"start":{"line":1,"column":26},"end":{"line":1,"column":41}},{"start":{"line":1,"column":46},"end":{"line":6,"column":1}}],"line":1},"1":{"loc":{"start":{"line":2,"column":34},"end":{"line":2,"column":125}},"type":"cond-expr","locations":[{"start":{"line":2,"column":42},"end":{"line":2,"column":48}},{"start":{"line":2,"column":51},"end":{"line":2,"column":125}}],"line":2},"2":{"loc":{"start":{"line":2,"column":51},"end":{"line":2,"column":125}},"type":"cond-expr","locations":[{"start":{"line":2,"column":67},"end":{"line":2,"column":118}},{"start":{"line":2,"column":121},"end":{"line":2,"column":125}}],"line":2},"3":{"loc":{"start":{"line":3,"column":4},"end":{"line":4,"column":150}},"type":"if","locations":[{"start":{"line":3,"column":4},"end":{"line":4,"column":150}},{"start":{"line":3,"column":4},"end":{"line":4,"column":150}}],"line":3},"4":{"loc":{"start":{"line":3,"column":8},"end":{"line":3,"column":77}},"type":"binary-expr","locations":[{"start":{"line":3,"column":8},"end":{"line":3,"column":35}},{"start":{"line":3,"column":39},"end":{"line":3,"column":77}}],"line":3},"5":{"loc":{"start":{"line":4,"column":58},"end":{"line":4,"column":150}},"type":"if","locations":[{"start":{"line":4,"column":58},"end":{"line":4,"column":150}},{"start":{"line":4,"column":58},"end":{"line":4,"column":150}}],"line":4},"6":{"loc":{"start":{"line":4,"column":85},"end":{"line":4,"column":149}},"type":"binary-expr","locations":[{"start":{"line":4,"column":86},"end":{"line":4,"column":143}},{"start":{"line":4,"column":148},"end":{"line":4,"column":149}}],"line":4},"7":{"loc":{"start":{"line":4,"column":86},"end":{"line":4,"column":143}},"type":"cond-expr","locations":[{"start":{"line":4,"column":94},"end":{"line":4,"column":98}},{"start":{"line":4,"column":101},"end":{"line":4,"column":143}}],"line":4},"8":{"loc":{"start":{"line":4,"column":101},"end":{"line":4,"column":143}},"type":"cond-expr","locations":[{"start":{"line":4,"column":109},"end":{"line":4,"column":126}},{"start":{"line":4,"column":129},"end":{"line":4,"column":143}}],"line":4},"9":{"loc":{"start":{"line":5,"column":11},"end":{"line":5,"column":62}},"type":"binary-expr","locations":[{"start":{"line":5,"column":11},"end":{"line":5,"column":16}},{"start":{"line":5,"column":20},"end":{"line":5,"column":21}},{"start":{"line":5,"column":25},"end":{"line":5,"column":62}}],"line":5},"10":{"loc":{"start":{"line":7,"column":17},"end":{"line":9,"column":1}},"type":"binary-expr","locations":[{"start":{"line":7,"column":18},"end":{"line":7,"column":22}},{"start":{"line":7,"column":26},"end":{"line":7,"column":41}},{"start":{"line":7,"column":46},"end":{"line":9,"column":1}}],"line":7},"11":{"loc":{"start":{"line":8,"column":4},"end":{"line":8,"column":109}},"type":"if","locations":[{"start":{"line":8,"column":4},"end":{"line":8,"column":109}},{"start":{"line":8,"column":4},"end":{"line":8,"column":109}}],"line":8},"12":{"loc":{"start":{"line":8,"column":8},"end":{"line":8,"column":77}},"type":"binary-expr","locations":[{"start":{"line":8,"column":8},"end":{"line":8,"column":35}},{"start":{"line":8,"column":39},"end":{"line":8,"column":77}}],"line":8},"13":{"loc":{"start":{"line":10,"column":14},"end":{"line":12,"column":1}},"type":"binary-expr","locations":[{"start":{"line":10,"column":15},"end":{"line":10,"column":19}},{"start":{"line":10,"column":23},"end":{"line":10,"column":35}},{"start":{"line":10,"column":40},"end":{"line":12,"column":1}}],"line":10},"14":{"loc":{"start":{"line":13,"column":22},"end":{"line":15,"column":1}},"type":"binary-expr","locations":[{"start":{"line":13,"column":23},"end":{"line":13,"column":27}},{"start":{"line":13,"column":31},"end":{"line":13,"column":51}},{"start":{"line":13,"column":56},"end":{"line":15,"column":1}}],"line":13},"15":{"loc":{"start":{"line":14,"column":11},"end":{"line":14,"column":61}},"type":"cond-expr","locations":[{"start":{"line":14,"column":37},"end":{"line":14,"column":40}},{"start":{"line":14,"column":43},"end":{"line":14,"column":61}}],"line":14},"16":{"loc":{"start":{"line":14,"column":12},"end":{"line":14,"column":33}},"type":"binary-expr","locations":[{"start":{"line":14,"column":12},"end":{"line":14,"column":15}},{"start":{"line":14,"column":19},"end":{"line":14,"column":33}}],"line":14}},"s":{"0":1,"1":3,"2":3,"3":3,"4":0,"5":3,"6":3,"7":10,"8":4,"9":3,"10":1,"11":6,"12":0,"13":1,"14":1,"15":1,"16":1,"17":2,"18":1,"19":1,"20":1,"21":1,"22":1,"23":1,"24":1,"25":1,"26":1,"27":1,"28":1,"29":1,"30":1,"31":1},"f":{"0":3,"1":6,"2":1,"3":1,"4":2,"5":1,"6":1},"b":{"0":[1,1,1],"1":[1,2],"2":[2,0],"3":[0,3],"4":[3,3],"5":[4,6],"6":[4,4],"7":[1,3],"8":[3,0],"9":[3,2,2],"10":[1,1,1],"11":[0,6],"12":[6,6],"13":[1,1,1],"14":[1,1,1],"15":[2,0],"16":[2,2]},"inputSourceMap":{"version":3,"file":"/Users/kushalshah/Documents/461L/backend/src/controllers/ResourceController.ts","sources":["/Users/kushalshah/Documents/461L/backend/src/controllers/ResourceController.ts"],"names":[],"mappings":";;;;;;;;;;;;;;;;;AAAA,qGAA6E;AAC7E,4EAA2E;AAC3E,+BAAiE;AAGjE,IAAa,kBAAkB,GAA/B,MAAa,kBAAmB,SAAQ,iBAAU;IAGvC,KAAK,CAAC,WAAW,CAAC,EAAS;QAC9B,OAAO,kCAAwB,CAAC,eAAe,CAAC,EAAE,CAAC,CAAC;IACxD,CAAC;IAGM,KAAK,CAAC,cAAc,CAAS,IAA+B;QAC/D,MAAM,GAAG,GAAG,IAAI,uBAAa,CAAC,IAAI,CAAC,CAAC;QACpC,MAAM,GAAG,CAAC,IAAI,EAAE,CAAC;QACjB,OAAO,IAAI,CAAC;IAChB,CAAC;CACJ,CAAA;AAVG;IADC,IAAA,UAAG,EAAC,MAAM,CAAC;;;;qDAGX;AAGD;IADC,IAAA,WAAI,EAAC,QAAQ,CAAC;IACc,WAAA,IAAA,WAAI,GAAE,CAAA;;;;wDAIlC;AAZQ,kBAAkB;IAD9B,IAAA,YAAK,EAAC,UAAU,CAAC;GACL,kBAAkB,CAa9B;AAbY,gDAAkB","sourcesContent":["import ResourceDataOrchestrator from \"../functions/ResourceDataOrchestrator\";\nimport ResourceModel, { ResourceInterface } from \"../models/ResourceModel\";\nimport { Body, Controller, Post, Route, Get, Query } from \"tsoa\";\n\n@Route(\"resource\")\nexport class ResourceController extends Controller {\n\n    @Get(\"{id}\")\n    public async getResource(id:string):Promise<ResourceInterface|null>{\n        return ResourceDataOrchestrator.getResourceData(id);\n    }\n\n    @Post(\"create\")\n    public async createResource(@Body() body:Partial<ResourceInterface>):Promise<boolean>{\n        const res = new ResourceModel(body);\n        await res.save();\n        return true;\n    }\n}"]},"_coverageSchema":"1a1c01bbd47fc00a2c39e90264f33305004495a9","hash":"77612c8246a70fb235a5d04acb354dca6550731a","contentHash":"e2d793f786dd8d38c0b1c72d8ba7696eedf66e0557b6aabcd20944ae77379834"},"/Users/kushalshah/Documents/461L/backend/src/controllers/UserController.ts":{"path":"/Users/kushalshah/Documents/461L/backend/src/controllers/UserController.ts","statementMap":{"0":{"start":{"line":1,"column":17},"end":{"line":6,"column":1}},"1":{"start":{"line":2,"column":12},"end":{"line":2,"column":28}},"2":{"start":{"line":2,"column":34},"end":{"line":2,"column":125}},"3":{"start":{"line":3,"column":4},"end":{"line":4,"column":150}},"4":{"start":{"line":3,"column":79},"end":{"line":3,"column":131}},"5":{"start":{"line":4,"column":9},"end":{"line":4,"column":150}},"6":{"start":{"line":4,"column":22},"end":{"line":4,"column":43}},"7":{"start":{"line":4,"column":58},"end":{"line":4,"column":150}},"8":{"start":{"line":4,"column":81},"end":{"line":4,"column":150}},"9":{"start":{"line":5,"column":4},"end":{"line":5,"column":66}},"10":{"start":{"line":7,"column":17},"end":{"line":9,"column":1}},"11":{"start":{"line":8,"column":4},"end":{"line":8,"column":109}},"12":{"start":{"line":8,"column":79},"end":{"line":8,"column":109}},"13":{"start":{"line":10,"column":14},"end":{"line":12,"column":1}},"14":{"start":{"line":11,"column":4},"end":{"line":11,"column":73}},"15":{"start":{"line":11,"column":36},"end":{"line":11,"column":71}},"16":{"start":{"line":13,"column":22},"end":{"line":15,"column":1}},"17":{"start":{"line":14,"column":4},"end":{"line":14,"column":62}},"18":{"start":{"line":16,"column":0},"end":{"line":16,"column":62}},"19":{"start":{"line":17,"column":0},"end":{"line":17,"column":32}},"20":{"start":{"line":18,"column":34},"end":{"line":18,"column":98}},"21":{"start":{"line":19,"column":31},"end":{"line":19,"column":92}},"22":{"start":{"line":20,"column":15},"end":{"line":20,"column":30}},"23":{"start":{"line":21,"column":21},"end":{"line":36,"column":1}},"24":{"start":{"line":23,"column":8},"end":{"line":23,"column":43}},"25":{"start":{"line":26,"column":30},"end":{"line":26,"column":98}},"26":{"start":{"line":27,"column":25},"end":{"line":33,"column":10}},"27":{"start":{"line":28,"column":12},"end":{"line":32,"column":14}},"28":{"start":{"line":34,"column":8},"end":{"line":34,"column":37}},"29":{"start":{"line":37,"column":0},"end":{"line":43,"column":49}},"30":{"start":{"line":44,"column":0},"end":{"line":50,"column":54}},"31":{"start":{"line":51,"column":0},"end":{"line":53,"column":19}},"32":{"start":{"line":54,"column":0},"end":{"line":54,"column":40}}},"fnMap":{"0":{"name":"(anonymous_0)","decl":{"start":{"line":1,"column":46},"end":{"line":1,"column":47}},"loc":{"start":{"line":1,"column":87},"end":{"line":6,"column":1}},"line":1},"1":{"name":"(anonymous_1)","decl":{"start":{"line":7,"column":46},"end":{"line":7,"column":47}},"loc":{"start":{"line":7,"column":62},"end":{"line":9,"column":1}},"line":7},"2":{"name":"(anonymous_2)","decl":{"start":{"line":10,"column":40},"end":{"line":10,"column":41}},"loc":{"start":{"line":10,"column":73},"end":{"line":12,"column":1}},"line":10},"3":{"name":"(anonymous_3)","decl":{"start":{"line":11,"column":11},"end":{"line":11,"column":12}},"loc":{"start":{"line":11,"column":34},"end":{"line":11,"column":73}},"line":11},"4":{"name":"(anonymous_4)","decl":{"start":{"line":13,"column":56},"end":{"line":13,"column":57}},"loc":{"start":{"line":13,"column":71},"end":{"line":15,"column":1}},"line":13},"5":{"name":"(anonymous_5)","decl":{"start":{"line":22,"column":4},"end":{"line":22,"column":5}},"loc":{"start":{"line":22,"column":27},"end":{"line":24,"column":5}},"line":22},"6":{"name":"(anonymous_6)","decl":{"start":{"line":25,"column":4},"end":{"line":25,"column":5}},"loc":{"start":{"line":25,"column":34},"end":{"line":35,"column":5}},"line":25},"7":{"name":"(anonymous_7)","decl":{"start":{"line":27,"column":43},"end":{"line":27,"column":44}},"loc":{"start":{"line":27,"column":62},"end":{"line":33,"column":9}},"line":27}},"branchMap":{"0":{"loc":{"start":{"line":1,"column":17},"end":{"line":6,"column":1}},"type":"binary-expr","locations":[{"start":{"line":1,"column":18},"end":{"line":1,"column":22}},{"start":{"line":1,"column":26},"end":{"line":1,"column":41}},{"start":{"line":1,"column":46},"end":{"line":6,"column":1}}],"line":1},"1":{"loc":{"start":{"line":2,"column":34},"end":{"line":2,"column":125}},"type":"cond-expr","locations":[{"start":{"line":2,"column":42},"end":{"line":2,"column":48}},{"start":{"line":2,"column":51},"end":{"line":2,"column":125}}],"line":2},"2":{"loc":{"start":{"line":2,"column":51},"end":{"line":2,"column":125}},"type":"cond-expr","locations":[{"start":{"line":2,"column":67},"end":{"line":2,"column":118}},{"start":{"line":2,"column":121},"end":{"line":2,"column":125}}],"line":2},"3":{"loc":{"start":{"line":3,"column":4},"end":{"line":4,"column":150}},"type":"if","locations":[{"start":{"line":3,"column":4},"end":{"line":4,"column":150}},{"start":{"line":3,"column":4},"end":{"line":4,"column":150}}],"line":3},"4":{"loc":{"start":{"line":3,"column":8},"end":{"line":3,"column":77}},"type":"binary-expr","locations":[{"start":{"line":3,"column":8},"end":{"line":3,"column":35}},{"start":{"line":3,"column":39},"end":{"line":3,"column":77}}],"line":3},"5":{"loc":{"start":{"line":4,"column":58},"end":{"line":4,"column":150}},"type":"if","locations":[{"start":{"line":4,"column":58},"end":{"line":4,"column":150}},{"start":{"line":4,"column":58},"end":{"line":4,"column":150}}],"line":4},"6":{"loc":{"start":{"line":4,"column":85},"end":{"line":4,"column":149}},"type":"binary-expr","locations":[{"start":{"line":4,"column":86},"end":{"line":4,"column":143}},{"start":{"line":4,"column":148},"end":{"line":4,"column":149}}],"line":4},"7":{"loc":{"start":{"line":4,"column":86},"end":{"line":4,"column":143}},"type":"cond-expr","locations":[{"start":{"line":4,"column":94},"end":{"line":4,"column":98}},{"start":{"line":4,"column":101},"end":{"line":4,"column":143}}],"line":4},"8":{"loc":{"start":{"line":4,"column":101},"end":{"line":4,"column":143}},"type":"cond-expr","locations":[{"start":{"line":4,"column":109},"end":{"line":4,"column":126}},{"start":{"line":4,"column":129},"end":{"line":4,"column":143}}],"line":4},"9":{"loc":{"start":{"line":5,"column":11},"end":{"line":5,"column":62}},"type":"binary-expr","locations":[{"start":{"line":5,"column":11},"end":{"line":5,"column":16}},{"start":{"line":5,"column":20},"end":{"line":5,"column":21}},{"start":{"line":5,"column":25},"end":{"line":5,"column":62}}],"line":5},"10":{"loc":{"start":{"line":7,"column":17},"end":{"line":9,"column":1}},"type":"binary-expr","locations":[{"start":{"line":7,"column":18},"end":{"line":7,"column":22}},{"start":{"line":7,"column":26},"end":{"line":7,"column":41}},{"start":{"line":7,"column":46},"end":{"line":9,"column":1}}],"line":7},"11":{"loc":{"start":{"line":8,"column":4},"end":{"line":8,"column":109}},"type":"if","locations":[{"start":{"line":8,"column":4},"end":{"line":8,"column":109}},{"start":{"line":8,"column":4},"end":{"line":8,"column":109}}],"line":8},"12":{"loc":{"start":{"line":8,"column":8},"end":{"line":8,"column":77}},"type":"binary-expr","locations":[{"start":{"line":8,"column":8},"end":{"line":8,"column":35}},{"start":{"line":8,"column":39},"end":{"line":8,"column":77}}],"line":8},"13":{"loc":{"start":{"line":10,"column":14},"end":{"line":12,"column":1}},"type":"binary-expr","locations":[{"start":{"line":10,"column":15},"end":{"line":10,"column":19}},{"start":{"line":10,"column":23},"end":{"line":10,"column":35}},{"start":{"line":10,"column":40},"end":{"line":12,"column":1}}],"line":10},"14":{"loc":{"start":{"line":13,"column":22},"end":{"line":15,"column":1}},"type":"binary-expr","locations":[{"start":{"line":13,"column":23},"end":{"line":13,"column":27}},{"start":{"line":13,"column":31},"end":{"line":13,"column":51}},{"start":{"line":13,"column":56},"end":{"line":15,"column":1}}],"line":13},"15":{"loc":{"start":{"line":14,"column":11},"end":{"line":14,"column":61}},"type":"cond-expr","locations":[{"start":{"line":14,"column":37},"end":{"line":14,"column":40}},{"start":{"line":14,"column":43},"end":{"line":14,"column":61}}],"line":14},"16":{"loc":{"start":{"line":14,"column":12},"end":{"line":14,"column":33}},"type":"binary-expr","locations":[{"start":{"line":14,"column":12},"end":{"line":14,"column":15}},{"start":{"line":14,"column":19},"end":{"line":14,"column":33}}],"line":14}},"s":{"0":1,"1":3,"2":3,"3":3,"4":0,"5":3,"6":3,"7":11,"8":5,"9":3,"10":1,"11":6,"12":0,"13":1,"14":2,"15":2,"16":1,"17":2,"18":1,"19":1,"20":1,"21":1,"22":1,"23":1,"24":1,"25":1,"26":1,"27":1,"28":1,"29":1,"30":1,"31":1,"32":1},"f":{"0":3,"1":6,"2":2,"3":2,"4":2,"5":1,"6":1,"7":1},"b":{"0":[1,1,1],"1":[1,2],"2":[2,0],"3":[0,3],"4":[3,3],"5":[5,6],"6":[5,5],"7":[1,4],"8":[4,0],"9":[3,2,2],"10":[1,1,1],"11":[0,6],"12":[6,6],"13":[1,1,1],"14":[1,1,1],"15":[2,0],"16":[2,2]},"inputSourceMap":{"version":3,"file":"/Users/kushalshah/Documents/461L/backend/src/controllers/UserController.ts","sources":["/Users/kushalshah/Documents/461L/backend/src/controllers/UserController.ts"],"names":[],"mappings":";;;;;;;;;;;;;;;;;AAAA,mGAA2E;AAC3E,6FAAqE;AAErE,+BAAiE;AAGjE,IAAa,cAAc,GAA3B,MAAa,cAAe,SAAQ,iBAAU;IAGnC,KAAK,CAAC,UAAU,CAAS,IAA2B;QACvD,MAAM,IAAI,KAAK,CAAC,iBAAiB,CAAC,CAAA;IACtC,CAAC;IAGM,KAAK,CAAC,eAAe,CAAU,MAAa;QAC/C,MAAM,aAAa,GAAG,MAAM,8BAAoB,CAAC,uBAAuB,CAAC,MAAM,CAAC,CAAC;QACjF,MAAM,QAAQ,GAAG,aAAa,CAAC,GAAG,CAAC,KAAK,EAAC,OAAO,EAAC,EAAE;YAC/C,OAAO;gBACH,SAAS,EAAE,OAAO,CAAC,SAAS;gBAC5B,IAAI,EAAE,OAAO,CAAC,IAAI;gBAClB,IAAI,EAAE,MAAM,iCAAuB,CAAC,OAAO,CAAC,OAAO,CAAC,SAAS,CAAC;aACjE,CAAA;QACL,CAAC,CAAC,CAAC;QAEH,OAAO,OAAO,CAAC,GAAG,CAAC,QAAQ,CAAC,CAAC;IACjC,CAAC;CACJ,CAAA;AAjBG;IADC,IAAA,WAAI,GAAE;IACkB,WAAA,IAAA,WAAI,GAAE,CAAA;;;;gDAE9B;AAGD;IADC,IAAA,UAAG,EAAC,UAAU,CAAC;IACc,WAAA,IAAA,YAAK,GAAE,CAAA;;;;qDAWpC;AAnBQ,cAAc;IAD1B,IAAA,YAAK,EAAC,MAAM,CAAC;GACD,cAAc,CAoB1B;AApBY,wCAAc","sourcesContent":["import ProjectDataOrchestrator from \"../functions/ProjectDataOrchestrator\";\nimport UserDataOrchestrator from \"../functions/UserDataOrchestrator\";\nimport { UserInterface } from \"../models/UserModel\";\nimport { Body, Controller, Post, Route, Get, Query } from \"tsoa\";\n\n@Route(\"user\")\nexport class UserController extends Controller {\n\n    @Post()\n    public async updateUser(@Body() body:Partial<UserInterface>):Promise<boolean>{\n        throw new Error(\"Not Implemented\")\n    }\n\n    @Get(\"projects\")\n    public async getUserProjects(@Query() userId:string):Promise<{projectId:string, role:string, name:string}[]>{\n        const usersProjects = await UserDataOrchestrator.getProjectsUserIsPartOf(userId);\n        const promises = usersProjects.map(async project => {\n            return {\n                projectId: project.projectId,\n                role: project.role,\n                name: await ProjectDataOrchestrator.getName(project.projectId)\n            }\n        });\n\n        return Promise.all(promises);\n    }\n}"]},"_coverageSchema":"1a1c01bbd47fc00a2c39e90264f33305004495a9","hash":"bd0b97ecfd7e4058c265b0ef17f5bd15b962cec0","contentHash":"bccb18305407a3d7ac903e1257e637c721ec548234b6494df8a718304691d416"}}